#
# A fatal error has been detected by the Java Runtime Environment:
#
#  EXCEPTION_ACCESS_VIOLATION (0xc0000005) at pc=0x00007ffc7a03d65a, pid=12000, tid=6944
#
# JRE version: Java(TM) SE Runtime Environment (17.0.2+8) (build 17.0.2+8-LTS-86)
# Java VM: Java HotSpot(TM) 64-Bit Server VM (17.0.2+8-LTS-86, mixed mode, sharing, tiered, compressed oops, compressed class ptrs, g1 gc, windows-amd64)
# Problematic frame:
# V  [jvm.dll+0x73d65a]
#
# No core dump will be written. Minidumps are not enabled by default on client versions of Windows
#
# If you would like to submit a bug report, please visit:
#   https://bugreport.java.com/bugreport/crash.jsp
#

---------------  S U M M A R Y ------------

Command Line: -XX:+ShowCodeDetailsInExceptionMessages -agentlib:jdwp=transport=dt_socket,suspend=y,address=localhost:54069 -Dcms.filePath=D:\data\publiccms -Dcms.contextPath= -javaagent:D:\Program Files\eclipse\configuration\org.eclipse.osgi\1744\0\.cp\lib\javaagent-shaded.jar -Dfile.encoding=UTF-8 boot.SpringBootApplication

Host: Intel(R) Core(TM) i7-5600U CPU @ 2.60GHz, 4 cores, 7G,  Windows 10 , 64 bit Build 19041 (10.0.19041.3636)
Time: Mon Mar 18 11:59:30 2024  Windows 10 , 64 bit Build 19041 (10.0.19041.3636) elapsed time: 198.079684 seconds (0d 0h 3m 18s)

---------------  T H R E A D  ---------------

Current thread (0x0000018c67645b90):  JavaThread "JDWP Transport Listener: dt_socket" daemon [_thread_in_vm, id=6944, stack(0x0000006261900000,0x0000006261a00000)]

Stack: [0x0000006261900000,0x0000006261a00000],  sp=0x00000062619ff8b0,  free space=1022k
Native frames: (J=compiled Java code, j=interpreted, Vv=VM code, C=native code)
V  [jvm.dll+0x73d65a]
V  [jvm.dll+0x504e0c]
V  [jvm.dll+0x4d0634]
C  [jdwp.dll+0x22e9f]


siginfo: EXCEPTION_ACCESS_VIOLATION (0xc0000005), reading address 0x000000000117011a


Register to memory mapping:

RIP=0x00007ffc7a03d65a jvm.dll
RAX=0x0000000000000115 is an unknown value
RBX=0x0000018c668744a8 points into unknown readable memory: 0x2f6772003b3e3b65 | 65 3b 3e 3b 00 72 67 2f
RCX=0x0000000001170116 is an unknown value
RDX=0x0000018c6da35b80 points into unknown readable memory: 0x6275702f6d6f634c | 4c 63 6f 6d 2f 70 75 62
RSP=0x00000062619ff8b0 is pointing into the stack for thread: 0x0000018c67645b90
RBP=0x0000018c67635160 points into unknown readable memory: 0x0000000200000002 | 02 00 00 00 02 00 00 00
RSI=0x0 is NULL
RDI=0xffffffffffffffff is an unknown value
R8 =0x00000000000001c5 is an unknown value
R9 =0x0000000000000040 is an unknown value
R10=0x00000000000001c0 is an unknown value
R11=0x00000062619ff8d0 is pointing into the stack for thread: 0x0000018c67645b90
R12=0x00000062619ffa08 is pointing into the stack for thread: 0x0000018c67645b90
R13=0x0 is NULL
R14=0x00000008013cc6d8 is a pointer to class: 
com.publiccms.common.search.CmsContentAttributeBridge {0x00000008013cc6e0}
 - instance size:     6
 - klass size:        75
 - access:            public synchronized 
 - state:             fully_initialized
 - name:              'com/publiccms/common/search/CmsContentAttributeBridge'
 - super:             'java/lang/Object'
 - sub:               
 - arrays:            NULL
 - methods:           Array<T>(0x0000018c6c54b210)
 - method ordering:   Array<T>(0x0000018c6c54b840)
 - default_methods:   Array<T>(0x0000018c6c54b8a0)
 - default vtable indices:   Array<T>(0x0000018c6c54b8b0)
 - local interfaces:  Array<T>(0x0000018c6c54b180)
 - trans. interfaces: Array<T>(0x0000018c6c54b870)
 - constants:         constant pool [298]/operands[7] {0x0000018c76c74008} for 'com/publiccms/common/search/CmsContentAttributeBridge' cache=0x0000018c76c6f7c8
 - class loader data:  loader data: 0x0000018c694af390 for instance a 'org/springframework/boot/devtools/restart/classloader/RestartClassLoader'{0x00000000831b2eb8}
 - source file:       'CmsContentAttributeBridge.java'
 - source debug extension:       SMAP
CmsContentAttributeBridge.java
Java
*S jdt
*F
1 CmsContentAttributeBridge.java
2 file:/D:/Users/repository/PublicCMS/publiccms-parent/publiccms-core/target/classes/
*L
*E

 - class annotations:       Array<T>(0x0000000000000000)
 - class type annotations:  Array<T>(0x0000000000000000)
 - field annotations:       Array<T>(0x0000000000000000)
 - field type annotations:  Array<T>(0x0000000000000000)
 - generic signature: '
[error occurred during error reporting (printing register info), id 0xc0000005, EXCEPTION_ACCESS_VIOLATION (0xc0000005) at pc=0x00007ffc7a03e266]

Registers:
RAX=0x0000000000000115, RBX=0x0000018c668744a8, RCX=0x0000000001170116, RDX=0x0000018c6da35b80
RSP=0x00000062619ff8b0, RBP=0x0000018c67635160, RSI=0x0000000000000000, RDI=0xffffffffffffffff
R8 =0x00000000000001c5, R9 =0x0000000000000040, R10=0x00000000000001c0, R11=0x00000062619ff8d0
R12=0x00000062619ffa08, R13=0x0000000000000000, R14=0x00000008013cc6d8, R15=0x00000062619ffa58
RIP=0x00007ffc7a03d65a, EFLAGS=0x0000000000010202

Top of Stack: (sp=0x00000062619ff8b0)
0x00000062619ff8b0:   0000000000000035 00000008013cc6d8
0x00000062619ff8c0:   0000018c67645b90 0000000000000000
0x00000062619ff8d0:   ffffffffffffffff 00007ffc79e04e0c
0x00000062619ff8e0:   0000018c668744a8 0000018c66874470
0x00000062619ff8f0:   0000018c67635160 0000018c73148300
0x00000062619ff900:   0000018c66874420 00000000000003d8
0x00000062619ff910:   0000018c66874430 0000018c66874808
0x00000062619ff920:   0000000000000002 00000062619ffa08
0x00000062619ff930:   0000000000000000 0000000000000000
0x00000062619ff940:   000000008421e868 00007ffc79dd0634
0x00000062619ff950:   0000018c67645b90 00000062619ffa58
0x00000062619ff960:   0000018c4904d230 00000062619ffa58
0x00000062619ff970:   0000018c67645b90 0000000000000000
0x00000062619ff980:   0000018c00000000 0000000000000000
0x00000062619ff990:   000000000000000d 00007ffccb442e9f
0x00000062619ff9a0:   00000062619ffa50 00007ffccb451830 

Instructions: (pc=0x00007ffc7a03d65a)
0x00007ffc7a03d55a:   48 83 c4 20 5f e9 8c 75 96 ff cc cc cc cc cc cc
0x00007ffc7a03d56a:   cc cc cc cc cc cc 48 89 5c 24 08 57 48 83 ec 20
0x00007ffc7a03d57a:   83 fa 02 8d 42 06 b9 08 00 00 00 49 8b d8 0f 4e
0x00007ffc7a03d58a:   c1 48 63 c8 48 83 c1 07 83 e1 f8 48 63 f9 49 8b
0x00007ffc7a03d59a:   48 18 48 8b c7 48 f7 d0 48 3b c1 73 16 4c 8d 05
0x00007ffc7a03d5aa:   9a 52 17 00 48 8b d7 48 8b cb e8 97 d8 96 ff 48
0x00007ffc7a03d5ba:   8b 4b 18 48 8d 04 39 48 3b 43 20 76 18 45 33 c0
0x00007ffc7a03d5ca:   48 8b d7 48 8b cb 48 8b 5c 24 30 48 83 c4 20 5f
0x00007ffc7a03d5da:   e9 f1 d4 96 ff 48 89 43 18 48 8b c1 48 8b 5c 24
0x00007ffc7a03d5ea:   30 48 83 c4 20 5f c3 cc cc cc cc cc cc cc cc cc
0x00007ffc7a03d5fa:   cc cc cc cc cc cc 4c 8b d2 4c 8b d9 45 85 c0 7e
0x00007ffc7a03d60a:   3c 44 0f b7 49 04 41 8d 40 ff 41 3b c1 44 0f 4c
0x00007ffc7a03d61a:   c8 4d 63 c1 45 85 c9 7e 1f 48 8b c2 4c 2b da 49
0x00007ffc7a03d62a:   8b d0 0f 1f 40 00 41 0f b6 4c 03 06 88 08 48 8d
0x00007ffc7a03d63a:   40 01 48 83 ea 01 75 ee 43 c6 04 10 00 49 8b c2
0x00007ffc7a03d64a:   c3 cc cc cc cc cc 48 89 5c 24 08 57 48 83 ec 20
0x00007ffc7a03d65a:   0f b7 59 04 48 8b f9 33 d2 48 8d 4b 01 e8 44 96
0x00007ffc7a03d66a:   f8 ff 0f b7 57 04 4c 8b c0 3b da 0f 42 d3 44 8b
0x00007ffc7a03d67a:   ca 85 d2 74 39 48 2b f8 0f 1f 40 00 66 66 0f 1f
0x00007ffc7a03d68a:   84 00 00 00 00 00 0f b6 4c 07 06 88 08 48 ff c0
0x00007ffc7a03d69a:   48 8b c8 49 2b c8 49 3b c9 7c eb 42 c6 04 02 00
0x00007ffc7a03d6aa:   49 8b c0 48 8b 5c 24 30 48 83 c4 20 5f c3 48 8b
0x00007ffc7a03d6ba:   5c 24 30 c6 04 02 00 48 83 c4 20 5f c3 cc cc cc
0x00007ffc7a03d6ca:   cc cc cc cc cc cc 4c 8b d1 45 85 c0 7e 6c 44 0f
0x00007ffc7a03d6da:   b7 49 04 41 8d 40 ff 41 3b c1 44 0f 4c c8 4d 63
0x00007ffc7a03d6ea:   d9 45 85 c9 7e 22 48 8b ca 4c 2b d2 4d 8b c3 0f
0x00007ffc7a03d6fa:   1f 80 00 00 00 00 41 0f b6 44 0a 06 88 01 48 8d
0x00007ffc7a03d70a:   49 01 49 83 e8 01 75 ee 41 c6 04 13 00 48 c7 c0
0x00007ffc7a03d71a:   ff ff ff ff 66 90 48 ff c0 80 3c 02 00 75 f7 48
0x00007ffc7a03d72a:   63 c8 85 c0 48 8b c2 7e 14 80 38 2f 75 03 c6 00
0x00007ffc7a03d73a:   2e 48 ff c0 48 83 e9 01 75 ef 48 8b c2 c3 cc cc
0x00007ffc7a03d74a:   cc cc cc cc cc cc 48 83 ec 28 e8 f7 fe ff ff 4c 


Stack slot to memory mapping:
stack at sp + 0 slots: 0x0000000000000035 is an unknown value
stack at sp + 1 slots: 0x00000008013cc6d8 is a pointer to class: 
com.publiccms.common.search.CmsContentAttributeBridge {0x00000008013cc6e0}
 - instance size:     6
 - klass size:        75
 - access:            public synchronized 
 - state:             fully_initialized
 - name:              'com/publiccms/common/search/CmsContentAttributeBridge'
 - super:             'java/lang/Object'
 - sub:               
 - arrays:            NULL
 - methods:           Array<T>(0x0000018c6c54b210)
 - method ordering:   Array<T>(0x0000018c6c54b840)
 - default_methods:   Array<T>(0x0000018c6c54b8a0)
 - default vtable indices:   Array<T>(0x0000018c6c54b8b0)
 - local interfaces:  Array<T>(0x0000018c6c54b180)
 - trans. interfaces: Array<T>(0x0000018c6c54b870)
 - constants:         constant pool [298]/operands[7] {0x0000018c76c74008} for 'com/publiccms/common/search/CmsContentAttributeBridge' cache=0x0000018c76c6f7c8
 - class loader data:  loader data: 0x0000018c694af390 for instance a 'org/springframework/boot/devtools/restart/classloader/RestartClassLoader'{0x00000000831b2eb8}
 - source file:       'CmsContentAttributeBridge.java'
 - source debug extension:       SMAP
CmsContentAttributeBridge.java
Java
*S jdt
*F
1 CmsContentAttributeBridge.java
2 file:/D:/Users/repository/PublicCMS/publiccms-parent/publiccms-core/target/classes/
*L
*E

 - class annotations:       Array<T>(0x0000000000000000)
 - class type annotations:  Array<T>(0x0000000000000000)
 - field annotations:       Array<T>(0x0000000000000000)
 - field type annotations:  Array<T>(0x0000000000000000)
 - generic signature: '
[error occurred during error reporting (inspecting top of stack), id 0xc0000005, EXCEPTION_ACCESS_VIOLATION (0xc0000005) at pc=0x00007ffc7a03e266]


---------------  P R O C E S S  ---------------

Threads class SMR info:
_java_thread_list=0x0000018c68a63920, length=47, elements={
0x0000018c668418a0, 0x0000018c66845540, 0x0000018c6685a250, 0x0000018c6685b5a0,
0x0000018c6685f7c0, 0x0000018c6685fc90, 0x0000018c6686d6a0, 0x0000018c6686e740,
0x0000018c66885000, 0x0000018c6685e950, 0x0000018c67645b90, 0x0000018c67650f10,
0x0000018c67651400, 0x0000018c66860b00, 0x0000018c66860fd0, 0x0000018c6f920090,
0x0000018c6f91ed50, 0x0000018c6f91c200, 0x0000018c6f920560, 0x0000018c6f91d070,
0x0000018c6f91aec0, 0x0000018c6f91dee0, 0x0000018c6f91b390, 0x0000018c6f91d540,
0x0000018c6f91e880, 0x0000018c6f91da10, 0x0000018c6f91f220, 0x0000018c6f91fbc0,
0x0000018c6d893ff0, 0x0000018c6d892310, 0x0000018c6d8914a0, 0x0000018c6d891970,
0x0000018c6d88e480, 0x0000018c6d891e40, 0x0000018c6d8927e0, 0x0000018c6d894e60,
0x0000018c6d890630, 0x0000018c6d88ee20, 0x0000018c6d892cb0, 0x0000018c6d893b20,
0x0000018c6d88fc90, 0x0000018c6d8944c0, 0x0000018c6d893180, 0x0000018c6d88f7c0,
0x0000018c6d893650, 0x0000018c6d890fd0, 0x0000018c6f9191e0
}

Java Threads: ( => current thread )
  0x0000018c668418a0 JavaThread "Reference Handler" daemon [_thread_blocked, id=7672, stack(0x0000006260f00000,0x0000006261000000)]
  0x0000018c66845540 JavaThread "Finalizer" daemon [_thread_blocked, id=2144, stack(0x0000006261000000,0x0000006261100000)]
  0x0000018c6685a250 JavaThread "Signal Dispatcher" daemon [_thread_blocked, id=10332, stack(0x0000006261100000,0x0000006261200000)]
  0x0000018c6685b5a0 JavaThread "Attach Listener" daemon [_thread_blocked, id=8536, stack(0x0000006261200000,0x0000006261300000)]
  0x0000018c6685f7c0 JavaThread "Service Thread" daemon [_thread_blocked, id=6948, stack(0x0000006261300000,0x0000006261400000)]
  0x0000018c6685fc90 JavaThread "Monitor Deflation Thread" daemon [_thread_blocked, id=13080, stack(0x0000006261400000,0x0000006261500000)]
  0x0000018c6686d6a0 JavaThread "C2 CompilerThread0" daemon [_thread_blocked, id=5340, stack(0x0000006261500000,0x0000006261600000)]
  0x0000018c6686e740 JavaThread "C1 CompilerThread0" daemon [_thread_blocked, id=8256, stack(0x0000006261600000,0x0000006261700000)]
  0x0000018c66885000 JavaThread "Sweeper thread" daemon [_thread_blocked, id=6532, stack(0x0000006261700000,0x0000006261800000)]
  0x0000018c6685e950 JavaThread "Common-Cleaner" daemon [_thread_blocked, id=12316, stack(0x0000006261800000,0x0000006261900000)]
=>0x0000018c67645b90 JavaThread "JDWP Transport Listener: dt_socket" daemon [_thread_in_vm, id=6944, stack(0x0000006261900000,0x0000006261a00000)]
  0x0000018c67650f10 JavaThread "JDWP Event Helper Thread" daemon [_thread_blocked, id=6012, stack(0x0000006261a00000,0x0000006261b00000)]
  0x0000018c67651400 JavaThread "JDWP Command Reader" daemon [_thread_in_native, id=10320, stack(0x0000006261b00000,0x0000006261c00000)]
  0x0000018c66860b00 JavaThread "Notification Thread" daemon [_thread_blocked, id=6460, stack(0x0000006262000000,0x0000006262100000)]
  0x0000018c66860fd0 JavaThread "Log4j2-TF-4-Scheduled-2" daemon [_thread_blocked, id=13272, stack(0x0000006261f00000,0x0000006262000000)]
  0x0000018c6f920090 JavaThread "Hibernate Search - Engine - Timing thread - 0" [_thread_blocked, id=3080, stack(0x0000006262200000,0x0000006262300000)]
  0x0000018c6f91ed50 JavaThread "Hibernate Search - default backend - Worker thread - 0" [_thread_blocked, id=2860, stack(0x0000006262500000,0x0000006262600000)]
  0x0000018c6f91c200 JavaThread "mysql-cj-abandoned-connection-cleanup" daemon [_thread_blocked, id=8516, stack(0x0000006262600000,0x0000006262700000)]
  0x0000018c6f920560 JavaThread "HikariPool-1 housekeeper" daemon [_thread_blocked, id=4836, stack(0x0000006262800000,0x0000006262900000)]
  0x0000018c6f91d070 JavaThread "Catalina-utility-1" [_thread_blocked, id=5576, stack(0x0000006262900000,0x0000006262a00000)]
  0x0000018c6f91aec0 JavaThread "Catalina-utility-2" [_thread_blocked, id=5044, stack(0x0000006262a00000,0x0000006262b00000)]
  0x0000018c6f91dee0 JavaThread "container-0" [_thread_blocked, id=1624, stack(0x0000006262b00000,0x0000006262c00000)]
  0x0000018c6f91b390 JavaThread "scheduler_Worker-1" [_thread_blocked, id=13128, stack(0x0000006262e00000,0x0000006262f00000)]
  0x0000018c6f91d540 JavaThread "scheduler_Worker-2" [_thread_blocked, id=4840, stack(0x0000006262f00000,0x0000006263000000)]
  0x0000018c6f91e880 JavaThread "scheduler_Worker-3" [_thread_blocked, id=11040, stack(0x0000006263000000,0x0000006263100000)]
  0x0000018c6f91da10 JavaThread "scheduler_Worker-4" [_thread_blocked, id=6900, stack(0x0000006263100000,0x0000006263200000)]
  0x0000018c6f91f220 JavaThread "scheduler_Worker-5" [_thread_blocked, id=13008, stack(0x0000006263200000,0x0000006263300000)]
  0x0000018c6f91fbc0 JavaThread "scheduler_Worker-6" [_thread_blocked, id=2072, stack(0x0000006263300000,0x0000006263400000)]
  0x0000018c6d893ff0 JavaThread "scheduler_Worker-7" [_thread_blocked, id=1480, stack(0x0000006263400000,0x0000006263500000)]
  0x0000018c6d892310 JavaThread "scheduler_Worker-8" [_thread_blocked, id=10400, stack(0x0000006263500000,0x0000006263600000)]
  0x0000018c6d8914a0 JavaThread "scheduler_Worker-9" [_thread_blocked, id=9488, stack(0x0000006263600000,0x0000006263700000)]
  0x0000018c6d891970 JavaThread "scheduler_Worker-10" [_thread_blocked, id=8068, stack(0x0000006263700000,0x0000006263800000)]
  0x0000018c6d88e480 JavaThread "scheduler_QuartzSchedulerThread" [_thread_blocked, id=9852, stack(0x0000006263800000,0x0000006263900000)]
  0x0000018c6d891e40 JavaThread "http-nio-8080-exec-1" daemon [_thread_blocked, id=9528, stack(0x0000006262c00000,0x0000006262d00000)]
  0x0000018c6d8927e0 JavaThread "http-nio-8080-exec-2" daemon [_thread_blocked, id=4740, stack(0x0000006263b00000,0x0000006263c00000)]
  0x0000018c6d894e60 JavaThread "http-nio-8080-exec-3" daemon [_thread_blocked, id=3596, stack(0x0000006263c00000,0x0000006263d00000)]
  0x0000018c6d890630 JavaThread "http-nio-8080-exec-4" daemon [_thread_blocked, id=5616, stack(0x0000006263d00000,0x0000006263e00000)]
  0x0000018c6d88ee20 JavaThread "http-nio-8080-exec-5" daemon [_thread_blocked, id=3712, stack(0x0000006263e00000,0x0000006263f00000)]
  0x0000018c6d892cb0 JavaThread "http-nio-8080-exec-6" daemon [_thread_blocked, id=4172, stack(0x0000006263f00000,0x0000006264000000)]
  0x0000018c6d893b20 JavaThread "http-nio-8080-exec-7" daemon [_thread_blocked, id=12336, stack(0x0000006264000000,0x0000006264100000)]
  0x0000018c6d88fc90 JavaThread "http-nio-8080-exec-8" daemon [_thread_blocked, id=6956, stack(0x0000006264100000,0x0000006264200000)]
  0x0000018c6d8944c0 JavaThread "http-nio-8080-exec-9" daemon [_thread_blocked, id=4264, stack(0x0000006264200000,0x0000006264300000)]
  0x0000018c6d893180 JavaThread "http-nio-8080-exec-10" daemon [_thread_blocked, id=9164, stack(0x0000006264300000,0x0000006264400000)]
  0x0000018c6d88f7c0 JavaThread "http-nio-8080-Poller" daemon [_thread_in_native, id=2604, stack(0x0000006264400000,0x0000006264500000)]
  0x0000018c6d893650 JavaThread "http-nio-8080-Acceptor" daemon [_thread_in_native, id=8768, stack(0x0000006264500000,0x0000006264600000)]
  0x0000018c6d890fd0 JavaThread "pool-4-thread-1" [_thread_blocked, id=3104, stack(0x0000006264600000,0x0000006264700000)]
  0x0000018c6f9191e0 JavaThread "DestroyJavaVM" [_thread_blocked, id=9240, stack(0x0000006260800000,0x0000006260900000)]

Other Threads:
  0x0000018c6683cc50 VMThread "VM Thread" [stack: 0x0000006260e00000,0x0000006260f00000] [id=11936]
  0x0000018c681c5420 WatcherThread [stack: 0x0000006262100000,0x0000006262200000] [id=4852]
  0x0000018c4909d9a0 GCTaskThread "GC Thread#0" [stack: 0x0000006260900000,0x0000006260a00000] [id=9540]
  0x0000018c67665d00 GCTaskThread "GC Thread#1" [stack: 0x0000006261c00000,0x0000006261d00000] [id=5884]
  0x0000018c677fdea0 GCTaskThread "GC Thread#2" [stack: 0x0000006261d00000,0x0000006261e00000] [id=6600]
  0x0000018c6803cc60 GCTaskThread "GC Thread#3" [stack: 0x0000006261e00000,0x0000006261f00000] [id=7108]
  0x0000018c490ae520 ConcurrentGCThread "G1 Main Marker" [stack: 0x0000006260a00000,0x0000006260b00000] [id=1232]
  0x0000018c490b0820 ConcurrentGCThread "G1 Conc#0" [stack: 0x0000006260b00000,0x0000006260c00000] [id=11008]
  0x0000018c667000a0 ConcurrentGCThread "G1 Refine#0" [stack: 0x0000006260c00000,0x0000006260d00000] [id=10548]
  0x0000018c667012b0 ConcurrentGCThread "G1 Service" [stack: 0x0000006260d00000,0x0000006260e00000] [id=10528]

Threads with active compile tasks:

VM state: not at safepoint (normal execution)

VM Mutex/Monitor currently owned by a thread: None

Heap address: 0x0000000081e00000, size: 2018 MB, Compressed Oops mode: 32-bit

CDS archive(s) mapped at: [0x0000000800000000-0x0000000800bc0000-0x0000000800bc0000), size 12320768, SharedBaseAddress: 0x0000000800000000, ArchiveRelocationMode: 0.
Compressed class space mapped at: 0x0000000800c00000-0x0000000840c00000, reserved size: 1073741824
Narrow klass base: 0x0000000800000000, Narrow klass shift: 0, Narrow klass range: 0x100000000

GC Precious Log:
 CPUs: 4 total, 4 available
 Memory: 8071M
 Large Page Support: Disabled
 NUMA Support: Disabled
 Compressed Oops: Enabled (32-bit)
 Heap Region Size: 1M
 Heap Min Capacity: 8M
 Heap Initial Capacity: 128M
 Heap Max Capacity: 2018M
 Pre-touch: Disabled
 Parallel Workers: 4
 Concurrent Workers: 1
 Concurrent Refinement Workers: 4
 Periodic GC: Disabled

Heap:
 garbage-first heap   total 181248K, used 92023K [0x0000000081e00000, 0x0000000100000000)
  region size 1024K, 22 young (22528K), 2 survivors (2048K)
 Metaspace       used 98847K, committed 99392K, reserved 1138688K
  class space    used 12584K, committed 12864K, reserved 1048576K

Heap Regions: E=young(eden), S=young(survivor), O=old, HS=humongous(starts), HC=humongous(continues), CS=collection set, F=free, OA=open archive, CA=closed archive, TAMS=top-at-mark-start (previous, next)
|   0|0x0000000081e00000, 0x0000000081f00000, 0x0000000081f00000|100%|HS|  |TAMS 0x0000000081f00000, 0x0000000081e00000| Complete 
|   1|0x0000000081f00000, 0x0000000082000000, 0x0000000082000000|100%|HC|  |TAMS 0x0000000082000000, 0x0000000081f00000| Complete 
|   2|0x0000000082000000, 0x0000000082100000, 0x0000000082100000|100%| O|  |TAMS 0x0000000082100000, 0x0000000082000000| Untracked 
|   3|0x0000000082100000, 0x0000000082200000, 0x0000000082200000|100%| O|  |TAMS 0x0000000082200000, 0x0000000082100000| Untracked 
|   4|0x0000000082200000, 0x0000000082300000, 0x0000000082300000|100%| O|  |TAMS 0x0000000082300000, 0x0000000082200000| Untracked 
|   5|0x0000000082300000, 0x0000000082400000, 0x0000000082400000|100%| O|  |TAMS 0x0000000082400000, 0x0000000082300000| Untracked 
|   6|0x0000000082400000, 0x0000000082500000, 0x0000000082500000|100%| O|  |TAMS 0x0000000082500000, 0x0000000082400000| Untracked 
|   7|0x0000000082500000, 0x0000000082600000, 0x0000000082600000|100%| O|  |TAMS 0x0000000082600000, 0x0000000082500000| Untracked 
|   8|0x0000000082600000, 0x0000000082700000, 0x0000000082700000|100%| O|  |TAMS 0x0000000082700000, 0x0000000082600000| Untracked 
|   9|0x0000000082700000, 0x0000000082800000, 0x0000000082800000|100%|HS|  |TAMS 0x0000000082800000, 0x0000000082700000| Complete 
|  10|0x0000000082800000, 0x0000000082900000, 0x0000000082900000|100%| O|  |TAMS 0x0000000082900000, 0x0000000082800000| Untracked 
|  11|0x0000000082900000, 0x0000000082a00000, 0x0000000082a00000|100%| O|  |TAMS 0x0000000082a00000, 0x0000000082900000| Untracked 
|  12|0x0000000082a00000, 0x0000000082b00000, 0x0000000082b00000|100%| O|  |TAMS 0x0000000082b00000, 0x0000000082a00000| Untracked 
|  13|0x0000000082b00000, 0x0000000082c00000, 0x0000000082c00000|100%| O|  |TAMS 0x0000000082c00000, 0x0000000082b00000| Untracked 
|  14|0x0000000082c00000, 0x0000000082d00000, 0x0000000082d00000|100%| O|  |TAMS 0x0000000082d00000, 0x0000000082c00000| Untracked 
|  15|0x0000000082d00000, 0x0000000082e00000, 0x0000000082e00000|100%| O|  |TAMS 0x0000000082e00000, 0x0000000082d00000| Untracked 
|  16|0x0000000082e00000, 0x0000000082e00000, 0x0000000082f00000|  0%| F|  |TAMS 0x0000000082e00000, 0x0000000082e00000| Untracked 
|  17|0x0000000082f00000, 0x0000000083000000, 0x0000000083000000|100%| O|  |TAMS 0x0000000083000000, 0x0000000082f00000| Untracked 
|  18|0x0000000083000000, 0x0000000083100000, 0x0000000083100000|100%| O|  |TAMS 0x0000000083100000, 0x0000000083000000| Untracked 
|  19|0x0000000083100000, 0x0000000083200000, 0x0000000083200000|100%| O|  |TAMS 0x0000000083200000, 0x0000000083100000| Untracked 
|  20|0x0000000083200000, 0x0000000083300000, 0x0000000083300000|100%| O|  |TAMS 0x0000000083300000, 0x0000000083200000| Untracked 
|  21|0x0000000083300000, 0x0000000083400000, 0x0000000083400000|100%| O|  |TAMS 0x0000000083400000, 0x0000000083300000| Untracked 
|  22|0x0000000083400000, 0x0000000083500000, 0x0000000083500000|100%| O|  |TAMS 0x0000000083500000, 0x0000000083400000| Untracked 
|  23|0x0000000083500000, 0x0000000083600000, 0x0000000083600000|100%| O|  |TAMS 0x0000000083600000, 0x0000000083500000| Untracked 
|  24|0x0000000083600000, 0x0000000083700000, 0x0000000083700000|100%| O|  |TAMS 0x0000000083700000, 0x0000000083600000| Untracked 
|  25|0x0000000083700000, 0x0000000083800000, 0x0000000083800000|100%| O|  |TAMS 0x0000000083800000, 0x0000000083700000| Untracked 
|  26|0x0000000083800000, 0x0000000083900000, 0x0000000083900000|100%| O|  |TAMS 0x0000000083900000, 0x0000000083800000| Untracked 
|  27|0x0000000083900000, 0x0000000083a00000, 0x0000000083a00000|100%| O|  |TAMS 0x0000000083a00000, 0x0000000083900000| Untracked 
|  28|0x0000000083a00000, 0x0000000083b00000, 0x0000000083b00000|100%| O|  |TAMS 0x0000000083b00000, 0x0000000083a00000| Untracked 
|  29|0x0000000083b00000, 0x0000000083c00000, 0x0000000083c00000|100%| O|  |TAMS 0x0000000083c00000, 0x0000000083b00000| Untracked 
|  30|0x0000000083c00000, 0x0000000083d00000, 0x0000000083d00000|100%| O|  |TAMS 0x0000000083d00000, 0x0000000083c00000| Untracked 
|  31|0x0000000083d00000, 0x0000000083e00000, 0x0000000083e00000|100%| O|  |TAMS 0x0000000083e00000, 0x0000000083d00000| Untracked 
|  32|0x0000000083e00000, 0x0000000083f00000, 0x0000000083f00000|100%| O|  |TAMS 0x0000000083f00000, 0x0000000083e00000| Untracked 
|  33|0x0000000083f00000, 0x0000000084000000, 0x0000000084000000|100%| O|  |TAMS 0x0000000084000000, 0x0000000083f00000| Untracked 
|  34|0x0000000084000000, 0x0000000084100000, 0x0000000084100000|100%| O|  |TAMS 0x0000000084100000, 0x0000000084000000| Untracked 
|  35|0x0000000084100000, 0x0000000084200000, 0x0000000084200000|100%| O|  |TAMS 0x0000000084200000, 0x0000000084100000| Untracked 
|  36|0x0000000084200000, 0x0000000084300000, 0x0000000084300000|100%| O|  |TAMS 0x0000000084300000, 0x0000000084200000| Untracked 
|  37|0x0000000084300000, 0x0000000084400000, 0x0000000084400000|100%| O|  |TAMS 0x0000000084400000, 0x0000000084300000| Untracked 
|  38|0x0000000084400000, 0x0000000084500000, 0x0000000084500000|100%| O|  |TAMS 0x0000000084500000, 0x0000000084400000| Untracked 
|  39|0x0000000084500000, 0x0000000084600000, 0x0000000084600000|100%| O|  |TAMS 0x0000000084600000, 0x0000000084500000| Complete 
|  40|0x0000000084600000, 0x0000000084700000, 0x0000000084700000|100%| O|  |TAMS 0x0000000084700000, 0x0000000084600000| Untracked 
|  41|0x0000000084700000, 0x0000000084800000, 0x0000000084800000|100%| O|  |TAMS 0x0000000084800000, 0x0000000084700000| Untracked 
|  42|0x0000000084800000, 0x0000000084900000, 0x0000000084900000|100%| O|  |TAMS 0x0000000084900000, 0x0000000084800000| Untracked 
|  43|0x0000000084900000, 0x0000000084a00000, 0x0000000084a00000|100%| O|  |TAMS 0x0000000084a00000, 0x0000000084900000| Untracked 
|  44|0x0000000084a00000, 0x0000000084b00000, 0x0000000084b00000|100%| O|  |TAMS 0x0000000084b00000, 0x0000000084a00000| Untracked 
|  45|0x0000000084b00000, 0x0000000084c00000, 0x0000000084c00000|100%| O|  |TAMS 0x0000000084c00000, 0x0000000084b00000| Untracked 
|  46|0x0000000084c00000, 0x0000000084d00000, 0x0000000084d00000|100%| O|  |TAMS 0x0000000084d00000, 0x0000000084c00000| Untracked 
|  47|0x0000000084d00000, 0x0000000084e00000, 0x0000000084e00000|100%| O|  |TAMS 0x0000000084e00000, 0x0000000084d00000| Untracked 
|  48|0x0000000084e00000, 0x0000000084f00000, 0x0000000084f00000|100%| O|  |TAMS 0x0000000084f00000, 0x0000000084e00000| Untracked 
|  49|0x0000000084f00000, 0x0000000085000000, 0x0000000085000000|100%| O|  |TAMS 0x0000000085000000, 0x0000000084f00000| Untracked 
|  50|0x0000000085000000, 0x0000000085100000, 0x0000000085100000|100%| O|  |TAMS 0x0000000085100000, 0x0000000085000000| Untracked 
|  51|0x0000000085100000, 0x0000000085200000, 0x0000000085200000|100%| O|  |TAMS 0x0000000085200000, 0x0000000085100000| Untracked 
|  52|0x0000000085200000, 0x0000000085300000, 0x0000000085300000|100%| O|  |TAMS 0x0000000085300000, 0x0000000085200000| Untracked 
|  53|0x0000000085300000, 0x0000000085400000, 0x0000000085400000|100%| O|  |TAMS 0x0000000085400000, 0x0000000085300000| Untracked 
|  54|0x0000000085400000, 0x0000000085500000, 0x0000000085500000|100%| O|  |TAMS 0x0000000085500000, 0x0000000085400000| Untracked 
|  55|0x0000000085500000, 0x0000000085600000, 0x0000000085600000|100%| O|  |TAMS 0x0000000085600000, 0x0000000085500000| Untracked 
|  56|0x0000000085600000, 0x0000000085600000, 0x0000000085700000|  0%| F|  |TAMS 0x0000000085600000, 0x0000000085600000| Untracked 
|  57|0x0000000085700000, 0x0000000085700000, 0x0000000085800000|  0%| F|  |TAMS 0x0000000085700000, 0x0000000085700000| Untracked 
|  58|0x0000000085800000, 0x0000000085800000, 0x0000000085900000|  0%| F|  |TAMS 0x0000000085800000, 0x0000000085800000| Untracked 
|  59|0x0000000085900000, 0x0000000085900000, 0x0000000085a00000|  0%| F|  |TAMS 0x0000000085900000, 0x0000000085900000| Untracked 
|  60|0x0000000085a00000, 0x0000000085a00000, 0x0000000085b00000|  0%| F|  |TAMS 0x0000000085a00000, 0x0000000085a00000| Untracked 
|  61|0x0000000085b00000, 0x0000000085c00000, 0x0000000085c00000|100%| O|  |TAMS 0x0000000085c00000, 0x0000000085b00000| Untracked 
|  62|0x0000000085c00000, 0x0000000085d00000, 0x0000000085d00000|100%| O|  |TAMS 0x0000000085d00000, 0x0000000085c00000| Untracked 
|  63|0x0000000085d00000, 0x0000000085d00000, 0x0000000085e00000|  0%| F|  |TAMS 0x0000000085d00000, 0x0000000085d00000| Untracked 
|  64|0x0000000085e00000, 0x0000000085e00000, 0x0000000085f00000|  0%| F|  |TAMS 0x0000000085e00000, 0x0000000085e00000| Untracked 
|  65|0x0000000085f00000, 0x0000000085f00000, 0x0000000086000000|  0%| F|  |TAMS 0x0000000085f00000, 0x0000000085f00000| Untracked 
|  66|0x0000000086000000, 0x0000000086000000, 0x0000000086100000|  0%| F|  |TAMS 0x0000000086000000, 0x0000000086000000| Untracked 
|  67|0x0000000086100000, 0x0000000086100000, 0x0000000086200000|  0%| F|  |TAMS 0x0000000086100000, 0x0000000086100000| Untracked 
|  68|0x0000000086200000, 0x0000000086200000, 0x0000000086300000|  0%| F|  |TAMS 0x0000000086200000, 0x0000000086200000| Untracked 
|  69|0x0000000086300000, 0x0000000086300000, 0x0000000086400000|  0%| F|  |TAMS 0x0000000086300000, 0x0000000086300000| Untracked 
|  70|0x0000000086400000, 0x0000000086400000, 0x0000000086500000|  0%| F|  |TAMS 0x0000000086400000, 0x0000000086400000| Untracked 
|  71|0x0000000086500000, 0x0000000086500000, 0x0000000086600000|  0%| F|  |TAMS 0x0000000086500000, 0x0000000086500000| Untracked 
|  72|0x0000000086600000, 0x0000000086600000, 0x0000000086700000|  0%| F|  |TAMS 0x0000000086600000, 0x0000000086600000| Untracked 
|  73|0x0000000086700000, 0x0000000086800000, 0x0000000086800000|100%|HS|  |TAMS 0x0000000086800000, 0x0000000086700000| Complete 
|  74|0x0000000086800000, 0x0000000086900000, 0x0000000086900000|100%|HC|  |TAMS 0x0000000086900000, 0x0000000086800000| Complete 
|  75|0x0000000086900000, 0x0000000086a00000, 0x0000000086a00000|100%|HC|  |TAMS 0x0000000086a00000, 0x0000000086900000| Complete 
|  76|0x0000000086a00000, 0x0000000086b00000, 0x0000000086b00000|100%|HC|  |TAMS 0x0000000086b00000, 0x0000000086a00000| Complete 
|  77|0x0000000086b00000, 0x0000000086c00000, 0x0000000086c00000|100%|HC|  |TAMS 0x0000000086c00000, 0x0000000086b00000| Complete 
|  78|0x0000000086c00000, 0x0000000086d00000, 0x0000000086d00000|100%|HC|  |TAMS 0x0000000086d00000, 0x0000000086c00000| Complete 
|  79|0x0000000086d00000, 0x0000000086e00000, 0x0000000086e00000|100%|HC|  |TAMS 0x0000000086e00000, 0x0000000086d00000| Complete 
|  80|0x0000000086e00000, 0x0000000086f00000, 0x0000000086f00000|100%|HC|  |TAMS 0x0000000086f00000, 0x0000000086e00000| Complete 
|  81|0x0000000086f00000, 0x0000000087000000, 0x0000000087000000|100%|HC|  |TAMS 0x0000000087000000, 0x0000000086f00000| Complete 
|  82|0x0000000087000000, 0x0000000087100000, 0x0000000087100000|100%|HC|  |TAMS 0x0000000087100000, 0x0000000087000000| Complete 
|  83|0x0000000087100000, 0x0000000087200000, 0x0000000087200000|100%|HC|  |TAMS 0x0000000087200000, 0x0000000087100000| Complete 
|  84|0x0000000087200000, 0x0000000087300000, 0x0000000087300000|100%| O|  |TAMS 0x0000000087300000, 0x0000000087200000| Untracked 
|  85|0x0000000087300000, 0x0000000087300000, 0x0000000087400000|  0%| F|  |TAMS 0x0000000087300000, 0x0000000087300000| Untracked 
|  86|0x0000000087400000, 0x0000000087400000, 0x0000000087500000|  0%| F|  |TAMS 0x0000000087400000, 0x0000000087400000| Untracked 
|  87|0x0000000087500000, 0x0000000087500000, 0x0000000087600000|  0%| F|  |TAMS 0x0000000087500000, 0x0000000087500000| Untracked 
|  88|0x0000000087600000, 0x0000000087600000, 0x0000000087700000|  0%| F|  |TAMS 0x0000000087600000, 0x0000000087600000| Untracked 
|  89|0x0000000087700000, 0x0000000087700000, 0x0000000087800000|  0%| F|  |TAMS 0x0000000087700000, 0x0000000087700000| Untracked 
|  90|0x0000000087800000, 0x00000000878dde48, 0x0000000087900000| 86%| S|CS|TAMS 0x0000000087800000, 0x0000000087800000| Complete 
|  91|0x0000000087900000, 0x0000000087a00000, 0x0000000087a00000|100%| S|CS|TAMS 0x0000000087900000, 0x0000000087900000| Complete 
|  92|0x0000000087a00000, 0x0000000087a00000, 0x0000000087b00000|  0%| F|  |TAMS 0x0000000087a00000, 0x0000000087a00000| Untracked 
|  93|0x0000000087b00000, 0x0000000087b00000, 0x0000000087c00000|  0%| F|  |TAMS 0x0000000087b00000, 0x0000000087b00000| Untracked 
|  94|0x0000000087c00000, 0x0000000087c00000, 0x0000000087d00000|  0%| F|  |TAMS 0x0000000087c00000, 0x0000000087c00000| Untracked 
|  95|0x0000000087d00000, 0x0000000087d00000, 0x0000000087e00000|  0%| F|  |TAMS 0x0000000087d00000, 0x0000000087d00000| Untracked 
|  96|0x0000000087e00000, 0x0000000087e00000, 0x0000000087f00000|  0%| F|  |TAMS 0x0000000087e00000, 0x0000000087e00000| Untracked 
|  97|0x0000000087f00000, 0x0000000087f00000, 0x0000000088000000|  0%| F|  |TAMS 0x0000000087f00000, 0x0000000087f00000| Untracked 
|  98|0x0000000088000000, 0x0000000088000000, 0x0000000088100000|  0%| F|  |TAMS 0x0000000088000000, 0x0000000088000000| Untracked 
|  99|0x0000000088100000, 0x0000000088100000, 0x0000000088200000|  0%| F|  |TAMS 0x0000000088100000, 0x0000000088100000| Untracked 
| 100|0x0000000088200000, 0x0000000088200000, 0x0000000088300000|  0%| F|  |TAMS 0x0000000088200000, 0x0000000088200000| Untracked 
| 101|0x0000000088300000, 0x0000000088300000, 0x0000000088400000|  0%| F|  |TAMS 0x0000000088300000, 0x0000000088300000| Untracked 
| 102|0x0000000088400000, 0x0000000088400000, 0x0000000088500000|  0%| F|  |TAMS 0x0000000088400000, 0x0000000088400000| Untracked 
| 103|0x0000000088500000, 0x0000000088500000, 0x0000000088600000|  0%| F|  |TAMS 0x0000000088500000, 0x0000000088500000| Untracked 
| 104|0x0000000088600000, 0x0000000088600000, 0x0000000088700000|  0%| F|  |TAMS 0x0000000088600000, 0x0000000088600000| Untracked 
| 105|0x0000000088700000, 0x0000000088700000, 0x0000000088800000|  0%| F|  |TAMS 0x0000000088700000, 0x0000000088700000| Untracked 
| 106|0x0000000088800000, 0x0000000088800000, 0x0000000088900000|  0%| F|  |TAMS 0x0000000088800000, 0x0000000088800000| Untracked 
| 107|0x0000000088900000, 0x0000000088900000, 0x0000000088a00000|  0%| F|  |TAMS 0x0000000088900000, 0x0000000088900000| Untracked 
| 108|0x0000000088a00000, 0x0000000088a00000, 0x0000000088b00000|  0%| F|  |TAMS 0x0000000088a00000, 0x0000000088a00000| Untracked 
| 109|0x0000000088b00000, 0x0000000088b00000, 0x0000000088c00000|  0%| F|  |TAMS 0x0000000088b00000, 0x0000000088b00000| Untracked 
| 110|0x0000000088c00000, 0x0000000088c00000, 0x0000000088d00000|  0%| F|  |TAMS 0x0000000088c00000, 0x0000000088c00000| Untracked 
| 111|0x0000000088d00000, 0x0000000088d00000, 0x0000000088e00000|  0%| F|  |TAMS 0x0000000088d00000, 0x0000000088d00000| Untracked 
| 112|0x0000000088e00000, 0x0000000088e00000, 0x0000000088f00000|  0%| F|  |TAMS 0x0000000088e00000, 0x0000000088e00000| Untracked 
| 113|0x0000000088f00000, 0x0000000088f00000, 0x0000000089000000|  0%| F|  |TAMS 0x0000000088f00000, 0x0000000088f00000| Untracked 
| 114|0x0000000089000000, 0x0000000089000000, 0x0000000089100000|  0%| F|  |TAMS 0x0000000089000000, 0x0000000089000000| Untracked 
| 115|0x0000000089100000, 0x0000000089100000, 0x0000000089200000|  0%| F|  |TAMS 0x0000000089100000, 0x0000000089100000| Untracked 
| 116|0x0000000089200000, 0x0000000089200000, 0x0000000089300000|  0%| F|  |TAMS 0x0000000089200000, 0x0000000089200000| Untracked 
| 117|0x0000000089300000, 0x0000000089300000, 0x0000000089400000|  0%| F|  |TAMS 0x0000000089300000, 0x0000000089300000| Untracked 
| 118|0x0000000089400000, 0x0000000089400000, 0x0000000089500000|  0%| F|  |TAMS 0x0000000089400000, 0x0000000089400000| Untracked 
| 119|0x0000000089500000, 0x0000000089500000, 0x0000000089600000|  0%| F|  |TAMS 0x0000000089500000, 0x0000000089500000| Untracked 
| 120|0x0000000089600000, 0x0000000089600000, 0x0000000089700000|  0%| F|  |TAMS 0x0000000089600000, 0x0000000089600000| Untracked 
| 121|0x0000000089700000, 0x0000000089700000, 0x0000000089800000|  0%| F|  |TAMS 0x0000000089700000, 0x0000000089700000| Untracked 
| 122|0x0000000089800000, 0x0000000089800000, 0x0000000089900000|  0%| F|  |TAMS 0x0000000089800000, 0x0000000089800000| Untracked 
| 123|0x0000000089900000, 0x0000000089900000, 0x0000000089a00000|  0%| F|  |TAMS 0x0000000089900000, 0x0000000089900000| Untracked 
| 124|0x0000000089a00000, 0x0000000089a00000, 0x0000000089b00000|  0%| F|  |TAMS 0x0000000089a00000, 0x0000000089a00000| Untracked 
| 125|0x0000000089b00000, 0x0000000089b00000, 0x0000000089c00000|  0%| F|  |TAMS 0x0000000089b00000, 0x0000000089b00000| Untracked 
| 126|0x0000000089c00000, 0x0000000089c00000, 0x0000000089d00000|  0%| F|  |TAMS 0x0000000089c00000, 0x0000000089c00000| Untracked 
| 127|0x0000000089d00000, 0x0000000089d00000, 0x0000000089e00000|  0%| F|  |TAMS 0x0000000089d00000, 0x0000000089d00000| Untracked 
| 128|0x0000000089e00000, 0x0000000089e00000, 0x0000000089f00000|  0%| F|  |TAMS 0x0000000089e00000, 0x0000000089e00000| Untracked 
| 129|0x0000000089f00000, 0x0000000089f00000, 0x000000008a000000|  0%| F|  |TAMS 0x0000000089f00000, 0x0000000089f00000| Untracked 
| 130|0x000000008a000000, 0x000000008a000000, 0x000000008a100000|  0%| F|  |TAMS 0x000000008a000000, 0x000000008a000000| Untracked 
| 131|0x000000008a100000, 0x000000008a100000, 0x000000008a200000|  0%| F|  |TAMS 0x000000008a100000, 0x000000008a100000| Untracked 
| 132|0x000000008a200000, 0x000000008a200000, 0x000000008a300000|  0%| F|  |TAMS 0x000000008a200000, 0x000000008a200000| Untracked 
| 133|0x000000008a300000, 0x000000008a300000, 0x000000008a400000|  0%| F|  |TAMS 0x000000008a300000, 0x000000008a300000| Untracked 
| 134|0x000000008a400000, 0x000000008a400000, 0x000000008a500000|  0%| F|  |TAMS 0x000000008a400000, 0x000000008a400000| Untracked 
| 135|0x000000008a500000, 0x000000008a500000, 0x000000008a600000|  0%| F|  |TAMS 0x000000008a500000, 0x000000008a500000| Untracked 
| 136|0x000000008a600000, 0x000000008a600000, 0x000000008a700000|  0%| F|  |TAMS 0x000000008a600000, 0x000000008a600000| Untracked 
| 137|0x000000008a700000, 0x000000008a700000, 0x000000008a800000|  0%| F|  |TAMS 0x000000008a700000, 0x000000008a700000| Untracked 
| 138|0x000000008a800000, 0x000000008a800000, 0x000000008a900000|  0%| F|  |TAMS 0x000000008a800000, 0x000000008a800000| Untracked 
| 139|0x000000008a900000, 0x000000008a900000, 0x000000008aa00000|  0%| F|  |TAMS 0x000000008a900000, 0x000000008a900000| Untracked 
| 140|0x000000008aa00000, 0x000000008aa00000, 0x000000008ab00000|  0%| F|  |TAMS 0x000000008aa00000, 0x000000008aa00000| Untracked 
| 141|0x000000008ab00000, 0x000000008ab00000, 0x000000008ac00000|  0%| F|  |TAMS 0x000000008ab00000, 0x000000008ab00000| Untracked 
| 142|0x000000008ac00000, 0x000000008ac00000, 0x000000008ad00000|  0%| F|  |TAMS 0x000000008ac00000, 0x000000008ac00000| Untracked 
| 143|0x000000008ad00000, 0x000000008ad00000, 0x000000008ae00000|  0%| F|  |TAMS 0x000000008ad00000, 0x000000008ad00000| Untracked 
| 144|0x000000008ae00000, 0x000000008ae00000, 0x000000008af00000|  0%| F|  |TAMS 0x000000008ae00000, 0x000000008ae00000| Untracked 
| 145|0x000000008af00000, 0x000000008af00000, 0x000000008b000000|  0%| F|  |TAMS 0x000000008af00000, 0x000000008af00000| Untracked 
| 146|0x000000008b000000, 0x000000008b000000, 0x000000008b100000|  0%| F|  |TAMS 0x000000008b000000, 0x000000008b000000| Untracked 
| 147|0x000000008b100000, 0x000000008b100000, 0x000000008b200000|  0%| F|  |TAMS 0x000000008b100000, 0x000000008b100000| Untracked 
| 148|0x000000008b200000, 0x000000008b200000, 0x000000008b300000|  0%| F|  |TAMS 0x000000008b200000, 0x000000008b200000| Untracked 
| 149|0x000000008b300000, 0x000000008b300000, 0x000000008b400000|  0%| F|  |TAMS 0x000000008b300000, 0x000000008b300000| Untracked 
| 150|0x000000008b400000, 0x000000008b400000, 0x000000008b500000|  0%| F|  |TAMS 0x000000008b400000, 0x000000008b400000| Untracked 
| 151|0x000000008b500000, 0x000000008b500000, 0x000000008b600000|  0%| F|  |TAMS 0x000000008b500000, 0x000000008b500000| Untracked 
| 152|0x000000008b600000, 0x000000008b600000, 0x000000008b700000|  0%| F|  |TAMS 0x000000008b600000, 0x000000008b600000| Untracked 
| 153|0x000000008b700000, 0x000000008b700000, 0x000000008b800000|  0%| F|  |TAMS 0x000000008b700000, 0x000000008b700000| Untracked 
| 154|0x000000008b800000, 0x000000008b800000, 0x000000008b900000|  0%| F|  |TAMS 0x000000008b800000, 0x000000008b800000| Untracked 
| 155|0x000000008b900000, 0x000000008b900000, 0x000000008ba00000|  0%| F|  |TAMS 0x000000008b900000, 0x000000008b900000| Untracked 
| 156|0x000000008ba00000, 0x000000008ba00000, 0x000000008bb00000|  0%| F|  |TAMS 0x000000008ba00000, 0x000000008ba00000| Untracked 
| 157|0x000000008bb00000, 0x000000008bb3fa68, 0x000000008bc00000| 24%| E|  |TAMS 0x000000008bb00000, 0x000000008bb00000| Complete 
| 158|0x000000008bc00000, 0x000000008bd00000, 0x000000008bd00000|100%| E|CS|TAMS 0x000000008bc00000, 0x000000008bc00000| Complete 
| 159|0x000000008bd00000, 0x000000008be00000, 0x000000008be00000|100%| E|CS|TAMS 0x000000008bd00000, 0x000000008bd00000| Complete 
| 160|0x000000008be00000, 0x000000008bf00000, 0x000000008bf00000|100%| E|CS|TAMS 0x000000008be00000, 0x000000008be00000| Complete 
| 161|0x000000008bf00000, 0x000000008c000000, 0x000000008c000000|100%| E|CS|TAMS 0x000000008bf00000, 0x000000008bf00000| Complete 
| 162|0x000000008c000000, 0x000000008c100000, 0x000000008c100000|100%| E|CS|TAMS 0x000000008c000000, 0x000000008c000000| Complete 
| 163|0x000000008c100000, 0x000000008c200000, 0x000000008c200000|100%| E|CS|TAMS 0x000000008c100000, 0x000000008c100000| Complete 
| 164|0x000000008c200000, 0x000000008c300000, 0x000000008c300000|100%| E|CS|TAMS 0x000000008c200000, 0x000000008c200000| Complete 
| 165|0x000000008c300000, 0x000000008c400000, 0x000000008c400000|100%| E|CS|TAMS 0x000000008c300000, 0x000000008c300000| Complete 
| 166|0x000000008c400000, 0x000000008c500000, 0x000000008c500000|100%| E|CS|TAMS 0x000000008c400000, 0x000000008c400000| Complete 
| 167|0x000000008c500000, 0x000000008c600000, 0x000000008c600000|100%| E|CS|TAMS 0x000000008c500000, 0x000000008c500000| Complete 
| 168|0x000000008c600000, 0x000000008c700000, 0x000000008c700000|100%| E|CS|TAMS 0x000000008c600000, 0x000000008c600000| Complete 
| 169|0x000000008c700000, 0x000000008c800000, 0x000000008c800000|100%| E|CS|TAMS 0x000000008c700000, 0x000000008c700000| Complete 
| 170|0x000000008c800000, 0x000000008c900000, 0x000000008c900000|100%| E|CS|TAMS 0x000000008c800000, 0x000000008c800000| Complete 
| 171|0x000000008c900000, 0x000000008ca00000, 0x000000008ca00000|100%| E|CS|TAMS 0x000000008c900000, 0x000000008c900000| Complete 
| 172|0x000000008ca00000, 0x000000008cb00000, 0x000000008cb00000|100%| E|CS|TAMS 0x000000008ca00000, 0x000000008ca00000| Complete 
| 173|0x000000008cb00000, 0x000000008cc00000, 0x000000008cc00000|100%| E|CS|TAMS 0x000000008cb00000, 0x000000008cb00000| Complete 
| 174|0x000000008cc00000, 0x000000008cd00000, 0x000000008cd00000|100%| E|CS|TAMS 0x000000008cc00000, 0x000000008cc00000| Complete 
| 175|0x000000008cd00000, 0x000000008ce00000, 0x000000008ce00000|100%| E|CS|TAMS 0x000000008cd00000, 0x000000008cd00000| Complete 
| 176|0x000000008ce00000, 0x000000008cf00000, 0x000000008cf00000|100%| E|CS|TAMS 0x000000008ce00000, 0x000000008ce00000| Complete 

Card table byte_map: [0x0000018c5fc90000,0x0000018c60090000] _byte_map_base: 0x0000018c5f881000

Marking Bits (Prev, Next): (CMBitMap*) 0x0000018c4909dfb0, (CMBitMap*) 0x0000018c4909dff0
 Prev Bits: [0x0000018c60490000, 0x0000018c62418000)
 Next Bits: [0x0000018c62420000, 0x0000018c643a8000)

Polling page: 0x0000018c46ff0000

Metaspace:

Usage:
  Non-class:     84.24 MB used.
      Class:     12.29 MB used.
       Both:     96.53 MB used.

Virtual space:
  Non-class space:       88.00 MB reserved,      84.50 MB ( 96%) committed,  11 nodes.
      Class space:        1.00 GB reserved,      12.56 MB (  1%) committed,  1 nodes.
             Both:        1.09 GB reserved,      97.06 MB (  9%) committed. 

Chunk freelists:
   Non-Class:  3.47 MB
       Class:  3.33 MB
        Both:  6.80 MB

MaxMetaspaceSize: unlimited
CompressedClassSpaceSize: 1.00 GB
Initial GC threshold: 21.00 MB
Current GC threshold: 160.31 MB
CDS: on
MetaspaceReclaimPolicy: balanced
 - commit_granule_bytes: 65536.
 - commit_granule_words: 8192.
 - virtual_space_node_default_size: 1048576.
 - enlarge_chunks_in_place: 1.
 - new_chunks_are_fully_committed: 0.
 - uncommit_free_chunks: 1.
 - use_allocation_guard: 0.
 - handle_deallocations: 1.


Internal statistics:

num_allocs_failed_limit: 9.
num_arena_births: 946.
num_arena_deaths: 150.
num_vsnodes_births: 12.
num_vsnodes_deaths: 0.
num_space_committed: 1553.
num_space_uncommitted: 0.
num_chunks_returned_to_freelist: 234.
num_chunks_taken_from_freelist: 4779.
num_chunk_merges: 64.
num_chunk_splits: 3193.
num_chunks_enlarged: 2289.
num_purges: 4.
num_inconsistent_stats: 0.

CodeHeap 'non-profiled nmethods': size=120000Kb used=7989Kb max_used=7989Kb free=112010Kb
 bounds [0x0000018c58360000, 0x0000018c58b30000, 0x0000018c5f890000]
CodeHeap 'profiled nmethods': size=120000Kb used=20151Kb max_used=20151Kb free=99849Kb
 bounds [0x0000018c50e30000, 0x0000018c521e0000, 0x0000018c58360000]
CodeHeap 'non-nmethods': size=5760Kb used=1536Kb max_used=1610Kb free=4223Kb
 bounds [0x0000018c50890000, 0x0000018c50b00000, 0x0000018c50e30000]
 total_blobs=10373 nmethods=9538 adapters=746
 compilation: enabled
              stopped_count=0, restarted_count=0
 full_count=0

Compilation events (20 events):
Event: 197.764 Thread 0x0000018c6686e740 nmethod 11304 0x0000018c521d7690 code [0x0000018c521d7840, 0x0000018c521d79a8]
Event: 197.764 Thread 0x0000018c6686e740 11306   !   3       sun.nio.ch.NioSocketImpl::endWrite (58 bytes)
Event: 197.765 Thread 0x0000018c6686e740 nmethod 11306 0x0000018c521d7a90 code [0x0000018c521d7c80, 0x0000018c521d8118]
Event: 197.769 Thread 0x0000018c6686e740 11307       3       java.util.concurrent.CopyOnWriteArrayList::indexOfRange (63 bytes)
Event: 197.769 Thread 0x0000018c6686e740 nmethod 11307 0x0000018c521d8390 code [0x0000018c521d8560, 0x0000018c521d8a08]
Event: 197.770 Thread 0x0000018c6686e740 11308       3       com.mysql.cj.util.StringInspector::matchesIgnoreCase (105 bytes)
Event: 197.773 Thread 0x0000018c6686e740 nmethod 11308 0x0000018c521d8c10 code [0x0000018c521d8fe0, 0x0000018c521da928]
Event: 197.780 Thread 0x0000018c6686d6a0 nmethod 11293 0x0000018c58b2ae90 code [0x0000018c58b2b080, 0x0000018c58b2c3d8]
Event: 197.780 Thread 0x0000018c6686d6a0 11309       4       java.lang.StringUTF16::charAt (11 bytes)
Event: 197.781 Thread 0x0000018c6686d6a0 nmethod 11309 0x0000018c58b2ce90 code [0x0000018c58b2d000, 0x0000018c58b2d0b8]
Event: 197.810 Thread 0x0000018c6686e740 11310       3       org.springframework.transaction.support.DelegatingTransactionDefinition::getIsolationLevel (10 bytes)
Event: 197.810 Thread 0x0000018c6686e740 nmethod 11310 0x0000018c521db290 code [0x0000018c521db440, 0x0000018c521db628]
Event: 197.810 Thread 0x0000018c6686e740 11311   !   3       com.mysql.cj.protocol.a.NativeProtocol::send (136 bytes)
Event: 197.811 Thread 0x0000018c6686e740 nmethod 11311 0x0000018c521db710 code [0x0000018c521db960, 0x0000018c521dc898]
Event: 197.811 Thread 0x0000018c6686e740 11312   !   3       com.mysql.cj.protocol.a.NativeProtocol::checkErrorMessage (58 bytes)
Event: 197.812 Thread 0x0000018c6686e740 nmethod 11312 0x0000018c521dcf10 code [0x0000018c521dd100, 0x0000018c521dd608]
Event: 197.812 Thread 0x0000018c6686e740 11313       1       com.mysql.cj.protocol.InternalDate::getYear (5 bytes)
Event: 197.812 Thread 0x0000018c6686e740 nmethod 11313 0x0000018c58b2d190 code [0x0000018c58b2d320, 0x0000018c58b2d3f8]
Event: 197.816 Thread 0x0000018c6686e740 11314       3       com.fasterxml.jackson.core.json.JsonReadContext::expectComma (29 bytes)
Event: 197.817 Thread 0x0000018c6686e740 nmethod 11314 0x0000018c521dd810 code [0x0000018c521dd9a0, 0x0000018c521ddb58]

GC Heap History (20 events):
Event: 32.754 GC heap before
{Heap before GC invocations=44 (full 0):
 garbage-first heap   total 103424K, used 65213K [0x0000000081e00000, 0x0000000100000000)
  region size 1024K, 5 young (5120K), 4 survivors (4096K)
 Metaspace       used 82277K, committed 82752K, reserved 1122304K
  class space    used 10683K, committed 10880K, reserved 1048576K
}
Event: 32.760 GC heap after
{Heap after GC invocations=45 (full 0):
 garbage-first heap   total 103424K, used 65234K [0x0000000081e00000, 0x0000000100000000)
  region size 1024K, 1 young (1024K), 1 survivors (1024K)
 Metaspace       used 82277K, committed 82752K, reserved 1122304K
  class space    used 10683K, committed 10880K, reserved 1048576K
}
Event: 32.770 GC heap before
{Heap before GC invocations=45 (full 0):
 garbage-first heap   total 103424K, used 74450K [0x0000000081e00000, 0x0000000100000000)
  region size 1024K, 2 young (2048K), 1 survivors (1024K)
 Metaspace       used 82277K, committed 82752K, reserved 1122304K
  class space    used 10683K, committed 10880K, reserved 1048576K
}
Event: 32.772 GC heap after
{Heap after GC invocations=46 (full 0):
 garbage-first heap   total 103424K, used 74387K [0x0000000081e00000, 0x0000000100000000)
  region size 1024K, 1 young (1024K), 1 survivors (1024K)
 Metaspace       used 82277K, committed 82752K, reserved 1122304K
  class space    used 10683K, committed 10880K, reserved 1048576K
}
Event: 33.666 GC heap before
{Heap before GC invocations=47 (full 0):
 garbage-first heap   total 147456K, used 95891K [0x0000000081e00000, 0x0000000100000000)
  region size 1024K, 11 young (11264K), 1 survivors (1024K)
 Metaspace       used 82386K, committed 82880K, reserved 1122304K
  class space    used 10696K, committed 10880K, reserved 1048576K
}
Event: 33.669 GC heap after
{Heap after GC invocations=48 (full 0):
 garbage-first heap   total 147456K, used 86300K [0x0000000081e00000, 0x0000000100000000)
  region size 1024K, 1 young (1024K), 1 survivors (1024K)
 Metaspace       used 82386K, committed 82880K, reserved 1122304K
  class space    used 10696K, committed 10880K, reserved 1048576K
}
Event: 35.675 GC heap before
{Heap before GC invocations=48 (full 0):
 garbage-first heap   total 147456K, used 125212K [0x0000000081e00000, 0x0000000100000000)
  region size 1024K, 39 young (39936K), 1 survivors (1024K)
 Metaspace       used 84120K, committed 84544K, reserved 1130496K
  class space    used 10884K, committed 11072K, reserved 1048576K
}
Event: 35.684 GC heap after
{Heap after GC invocations=49 (full 0):
 garbage-first heap   total 147456K, used 88633K [0x0000000081e00000, 0x0000000100000000)
  region size 1024K, 3 young (3072K), 3 survivors (3072K)
 Metaspace       used 84120K, committed 84544K, reserved 1130496K
  class space    used 10884K, committed 11072K, reserved 1048576K
}
Event: 37.900 GC heap before
{Heap before GC invocations=50 (full 0):
 garbage-first heap   total 150528K, used 125497K [0x0000000081e00000, 0x0000000100000000)
  region size 1024K, 39 young (39936K), 3 survivors (3072K)
 Metaspace       used 85857K, committed 86336K, reserved 1130496K
  class space    used 11076K, committed 11328K, reserved 1048576K
}
Event: 37.910 GC heap after
{Heap after GC invocations=51 (full 0):
 garbage-first heap   total 150528K, used 70068K [0x0000000081e00000, 0x0000000100000000)
  region size 1024K, 5 young (5120K), 5 survivors (5120K)
 Metaspace       used 85857K, committed 86336K, reserved 1130496K
  class space    used 11076K, committed 11328K, reserved 1048576K
}
Event: 38.038 GC heap before
{Heap before GC invocations=51 (full 0):
 garbage-first heap   total 150528K, used 72116K [0x0000000081e00000, 0x0000000100000000)
  region size 1024K, 7 young (7168K), 5 survivors (5120K)
 Metaspace       used 85871K, committed 86336K, reserved 1130496K
  class space    used 11079K, committed 11328K, reserved 1048576K
}
Event: 38.047 GC heap after
{Heap after GC invocations=52 (full 0):
 garbage-first heap   total 150528K, used 69966K [0x0000000081e00000, 0x0000000100000000)
  region size 1024K, 1 young (1024K), 1 survivors (1024K)
 Metaspace       used 85871K, committed 86336K, reserved 1130496K
  class space    used 11079K, committed 11328K, reserved 1048576K
}
Event: 40.339 GC heap before
{Heap before GC invocations=52 (full 0):
 garbage-first heap   total 150528K, used 123214K [0x0000000081e00000, 0x0000000100000000)
  region size 1024K, 54 young (55296K), 1 survivors (1024K)
 Metaspace       used 90294K, committed 90816K, reserved 1130496K
  class space    used 11591K, committed 11840K, reserved 1048576K
}
Event: 40.344 GC heap after
{Heap after GC invocations=53 (full 0):
 garbage-first heap   total 150528K, used 70879K [0x0000000081e00000, 0x0000000100000000)
  region size 1024K, 2 young (2048K), 2 survivors (2048K)
 Metaspace       used 90294K, committed 90816K, reserved 1130496K
  class space    used 11591K, committed 11840K, reserved 1048576K
}
Event: 49.074 GC heap before
{Heap before GC invocations=54 (full 0):
 garbage-first heap   total 150528K, used 125151K [0x0000000081e00000, 0x0000000100000000)
  region size 1024K, 55 young (56320K), 2 survivors (2048K)
 Metaspace       used 93356K, committed 93888K, reserved 1138688K
  class space    used 11868K, committed 12160K, reserved 1048576K
}
Event: 49.079 GC heap after
{Heap after GC invocations=55 (full 0):
 garbage-first heap   total 150528K, used 72299K [0x0000000081e00000, 0x0000000100000000)
  region size 1024K, 3 young (3072K), 3 survivors (3072K)
 Metaspace       used 93356K, committed 93888K, reserved 1138688K
  class space    used 11868K, committed 12160K, reserved 1048576K
}
Event: 49.195 GC heap before
{Heap before GC invocations=55 (full 0):
 garbage-first heap   total 150528K, used 76395K [0x0000000081e00000, 0x0000000100000000)
  region size 1024K, 7 young (7168K), 3 survivors (3072K)
 Metaspace       used 93665K, committed 94208K, reserved 1138688K
  class space    used 11911K, committed 12160K, reserved 1048576K
}
Event: 49.201 GC heap after
{Heap after GC invocations=56 (full 0):
 garbage-first heap   total 150528K, used 71126K [0x0000000081e00000, 0x0000000100000000)
  region size 1024K, 1 young (1024K), 1 survivors (1024K)
 Metaspace       used 93665K, committed 94208K, reserved 1138688K
  class space    used 11911K, committed 12160K, reserved 1048576K
}
Event: 50.257 GC heap before
{Heap before GC invocations=56 (full 0):
 garbage-first heap   total 150528K, used 126422K [0x0000000081e00000, 0x0000000100000000)
  region size 1024K, 55 young (56320K), 1 survivors (1024K)
 Metaspace       used 97813K, committed 98368K, reserved 1138688K
  class space    used 12403K, committed 12672K, reserved 1048576K
}
Event: 50.262 GC heap after
{Heap after GC invocations=57 (full 0):
 garbage-first heap   total 181248K, used 72567K [0x0000000081e00000, 0x0000000100000000)
  region size 1024K, 2 young (2048K), 2 survivors (2048K)
 Metaspace       used 97813K, committed 98368K, reserved 1138688K
  class space    used 12403K, committed 12672K, reserved 1048576K
}

Deoptimization events (20 events):
Event: 197.716 Thread 0x0000018c6d8927e0 DEOPT PACKING pc=0x0000018c58b235c4 sp=0x0000006263bfc3e0
Event: 197.716 Thread 0x0000018c6d8927e0 DEOPT UNPACKING pc=0x0000018c508e23a3 sp=0x0000006263bfc338 mode 2
Event: 197.717 Thread 0x0000018c6d8927e0 DEOPT PACKING pc=0x0000018c5166c299 sp=0x0000006263bface0
Event: 197.717 Thread 0x0000018c6d8927e0 DEOPT UNPACKING pc=0x0000018c508e2b43 sp=0x0000006263bfa1c8 mode 1
Event: 197.717 Thread 0x0000018c6d8927e0 DEOPT PACKING pc=0x0000018c5167467c sp=0x0000006263bfad80
Event: 197.717 Thread 0x0000018c6d8927e0 DEOPT UNPACKING pc=0x0000018c508e2b43 sp=0x0000006263bfa318 mode 1
Event: 197.717 Thread 0x0000018c6d8927e0 DEOPT PACKING pc=0x0000018c5166961c sp=0x0000006263bfaed0
Event: 197.717 Thread 0x0000018c6d8927e0 DEOPT UNPACKING pc=0x0000018c508e2b43 sp=0x0000006263bfa490 mode 1
Event: 197.742 Thread 0x0000018c6d8927e0 Uncommon trap: trap_request=0xffffff45 fr.pc=0x0000018c583f23d4 relative=0x0000000000000054
Event: 197.742 Thread 0x0000018c6d8927e0 Uncommon trap: reason=unstable_if action=reinterpret pc=0x0000018c583f23d4 method=sun.net.util.IPAddressUtil.scan(Ljava/lang/String;JJ[C)I @ 14 c2
Event: 197.742 Thread 0x0000018c6d8927e0 DEOPT PACKING pc=0x0000018c583f23d4 sp=0x0000006263bfc930
Event: 197.742 Thread 0x0000018c6d8927e0 DEOPT UNPACKING pc=0x0000018c508e23a3 sp=0x0000006263bfc8b8 mode 2
Event: 197.751 Thread 0x0000018c6d8927e0 Uncommon trap: trap_request=0xffffffde fr.pc=0x0000018c5859b25c relative=0x00000000000000bc
Event: 197.751 Thread 0x0000018c6d8927e0 Uncommon trap: reason=class_check action=maybe_recompile pc=0x0000018c5859b25c method=java.lang.Character.isWhitespace(I)Z @ 5 c2
Event: 197.751 Thread 0x0000018c6d8927e0 DEOPT PACKING pc=0x0000018c5859b25c sp=0x0000006263bfcaa0
Event: 197.751 Thread 0x0000018c6d8927e0 DEOPT UNPACKING pc=0x0000018c508e23a3 sp=0x0000006263bfc9e8 mode 2
Event: 197.769 Thread 0x0000018c6d8927e0 Uncommon trap: trap_request=0xffffffbe fr.pc=0x0000018c584c1b3c relative=0x00000000000017fc
Event: 197.769 Thread 0x0000018c6d8927e0 Uncommon trap: reason=profile_predicate action=maybe_recompile pc=0x0000018c584c1b3c method=com.mysql.cj.util.StringInspector.indexOfNextChar(Ljava/util/Set;)I @ 74 c2
Event: 197.770 Thread 0x0000018c6d8927e0 DEOPT PACKING pc=0x0000018c584c1b3c sp=0x0000006263bfba80
Event: 197.770 Thread 0x0000018c6d8927e0 DEOPT UNPACKING pc=0x0000018c508e23a3 sp=0x0000006263bfba18 mode 2

Classes unloaded (20 events):
Event: 32.907 Thread 0x0000018c6683cc50 Unloading class 0x00000008015c5c00 'jdk/internal/reflect/GeneratedSerializationConstructorAccessor16'
Event: 32.907 Thread 0x0000018c6683cc50 Unloading class 0x00000008015c5000 'jdk/internal/reflect/GeneratedSerializationConstructorAccessor15'
Event: 32.907 Thread 0x0000018c6683cc50 Unloading class 0x00000008015c4c00 'jdk/internal/reflect/GeneratedSerializationConstructorAccessor14'
Event: 32.907 Thread 0x0000018c6683cc50 Unloading class 0x00000008015c4800 'jdk/internal/reflect/GeneratedSerializationConstructorAccessor13'
Event: 32.907 Thread 0x0000018c6683cc50 Unloading class 0x00000008015c4400 'jdk/internal/reflect/GeneratedSerializationConstructorAccessor12'
Event: 32.907 Thread 0x0000018c6683cc50 Unloading class 0x00000008015c4000 'jdk/internal/reflect/GeneratedSerializationConstructorAccessor11'
Event: 32.907 Thread 0x0000018c6683cc50 Unloading class 0x00000008015bac00 'jdk/internal/reflect/GeneratedSerializationConstructorAccessor10'
Event: 32.907 Thread 0x0000018c6683cc50 Unloading class 0x00000008015ba800 'jdk/internal/reflect/GeneratedSerializationConstructorAccessor9'
Event: 32.907 Thread 0x0000018c6683cc50 Unloading class 0x00000008015ba400 'jdk/internal/reflect/GeneratedSerializationConstructorAccessor8'
Event: 32.907 Thread 0x0000018c6683cc50 Unloading class 0x00000008015ba000 'jdk/internal/reflect/GeneratedSerializationConstructorAccessor7'
Event: 32.907 Thread 0x0000018c6683cc50 Unloading class 0x00000008015b9c00 'jdk/internal/reflect/GeneratedSerializationConstructorAccessor6'
Event: 32.907 Thread 0x0000018c6683cc50 Unloading class 0x00000008015b9800 'jdk/internal/reflect/GeneratedSerializationConstructorAccessor5'
Event: 32.907 Thread 0x0000018c6683cc50 Unloading class 0x00000008015b9400 'jdk/internal/reflect/GeneratedSerializationConstructorAccessor4'
Event: 32.907 Thread 0x0000018c6683cc50 Unloading class 0x00000008015b8c00 'jdk/internal/reflect/GeneratedSerializationConstructorAccessor3'
Event: 32.907 Thread 0x0000018c6683cc50 Unloading class 0x00000008015b8400 'jdk/internal/reflect/GeneratedSerializationConstructorAccessor2'
Event: 32.907 Thread 0x0000018c6683cc50 Unloading class 0x00000008014f0000 'jdk/internal/reflect/GeneratedSerializationConstructorAccessor1'
Event: 40.466 Thread 0x0000018c6683cc50 Unloading class 0x00000008015e0c00 'jdk/internal/reflect/GeneratedSerializationConstructorAccessor75'
Event: 40.466 Thread 0x0000018c6683cc50 Unloading class 0x00000008015e8400 'jdk/internal/reflect/GeneratedSerializationConstructorAccessor74'
Event: 40.466 Thread 0x0000018c6683cc50 Unloading class 0x0000000801619c00 'jdk/internal/reflect/GeneratedSerializationConstructorAccessor73'
Event: 40.466 Thread 0x0000018c6683cc50 Unloading class 0x000000080165c000 'jdk/internal/reflect/GeneratedSerializationConstructorAccessor72'

Classes redefined (2 events):
Event: 119.035 Thread 0x0000018c6683cc50 redefined class name=com.publiccms.common.search.CmsContentAttributeBridge, count=1
Event: 123.952 Thread 0x0000018c6683cc50 redefined class name=com.publiccms.common.search.CmsContentAttributeBridge, count=2

Internal exceptions (20 events):
Event: 49.229 Thread 0x0000018c6d891e40 Exception <a 'java/lang/ClassNotFoundException'{0x000000008af1dbb0}: java/lang/ObjectCustomizer> (0x000000008af1dbb0) 
thrown [t:\workspace\open\src\hotspot\share\classfile\systemDictionary.cpp, line 256]
Event: 49.233 Thread 0x0000018c6d891e40 Exception <a 'java/lang/ClassNotFoundException'{0x000000008af38008}: com/publiccms/views/pojo/model/ExtendDataParametersCustomizer> (0x000000008af38008) 
thrown [t:\workspace\open\src\hotspot\share\classfile\systemDictionary.cpp, line 256]
Event: 49.239 Thread 0x0000018c6d891e40 Exception <a 'java/lang/ClassNotFoundException'{0x000000008af52d08}: com/publiccms/views/pojo/model/CmsContentParametersCustomizer> (0x000000008af52d08) 
thrown [t:\workspace\open\src\hotspot\share\classfile\systemDictionary.cpp, line 256]
Event: 49.551 Thread 0x0000018c6d891e40 Implicit null exception at 0x0000018c5836edba to 0x0000018c5836efd8
Event: 49.567 Thread 0x0000018c6d891e40 Exception <a 'java/lang/NoSuchMethodError'{0x00000000898845c0}: static Lorg/hibernate/type/AbstractSingleColumnStandardBasicType;.<clinit>()V> (0x00000000898845c0) 
thrown [t:\workspace\open\src\hotspot\share\prims\jni.cpp, line 1107]
Event: 49.569 Thread 0x0000018c6d891e40 Exception <a 'java/lang/NoSuchMethodError'{0x0000000089894dc0}: static Lorg/hibernate/type/descriptor/java/AbstractTypeDescriptor;.<clinit>()V> (0x0000000089894dc0) 
thrown [t:\workspace\open\src\hotspot\share\prims\jni.cpp, line 1107]
Event: 49.570 Thread 0x0000018c6d891e40 Exception <a 'java/lang/NoSuchMethodError'{0x00000000898a3a50}: static Ljava/lang/Object;.<clinit>()V> (0x00000000898a3a50) 
thrown [t:\workspace\open\src\hotspot\share\prims\jni.cpp, line 1107]
Event: 49.819 Thread 0x0000018c6d891e40 Exception <a 'java/lang/reflect/InvocationTargetException'{0x0000000088807a20}> (0x0000000088807a20) 
thrown [t:\workspace\open\src\hotspot\share\runtime\reflection.cpp, line 1121]
Event: 49.841 Thread 0x0000018c6d891e40 Implicit null exception at 0x0000018c585a0fc1 to 0x0000018c585a13af
Event: 50.510 Thread 0x0000018c6d891e40 Exception <a 'java/lang/NoClassDefFoundError'{0x000000008c868460}: org/python/core/PyException> (0x000000008c868460) 
thrown [t:\workspace\open\src\hotspot\share\classfile\systemDictionary.cpp, line 245]
Event: 50.627 Thread 0x0000018c6d891e40 Exception <a 'java/lang/ClassNotFoundException'{0x000000008c6eeef8}: com/publiccms/entities/sys/SysSiteBeanInfo> (0x000000008c6eeef8) 
thrown [t:\workspace\open\src\hotspot\share\classfile\systemDictionary.cpp, line 256]
Event: 50.630 Thread 0x0000018c6d891e40 Exception <a 'java/lang/ClassNotFoundException'{0x000000008c6f5a38}: java/lang/ObjectBeanInfo> (0x000000008c6f5a38) 
thrown [t:\workspace\open\src\hotspot\share\classfile\systemDictionary.cpp, line 256]
Event: 50.633 Thread 0x0000018c6d891e40 Exception <a 'java/lang/ClassNotFoundException'{0x000000008c6fc658}: java/lang/ObjectCustomizer> (0x000000008c6fc658) 
thrown [t:\workspace\open\src\hotspot\share\classfile\systemDictionary.cpp, line 256]
Event: 50.641 Thread 0x0000018c6d891e40 Exception <a 'java/lang/ClassNotFoundException'{0x000000008c516560}: com/publiccms/entities/sys/SysSiteCustomizer> (0x000000008c516560) 
thrown [t:\workspace\open\src\hotspot\share\classfile\systemDictionary.cpp, line 256]
Event: 57.910 Thread 0x0000018c6d890fd0 Exception <a 'java/lang/NoSuchMethodError'{0x000000008c2e89d0}: static Lorg/hibernate/type/AbstractSingleColumnStandardBasicType;.<clinit>()V> (0x000000008c2e89d0) 
thrown [t:\workspace\open\src\hotspot\share\prims\jni.cpp, line 1107]
Event: 57.912 Thread 0x0000018c6d890fd0 Exception <a 'java/lang/NoSuchMethodError'{0x000000008c2f7388}: static Lorg/hibernate/type/descriptor/java/AbstractTypeDescriptor;.<clinit>()V> (0x000000008c2f7388) 
thrown [t:\workspace\open\src\hotspot\share\prims\jni.cpp, line 1107]
Event: 57.914 Thread 0x0000018c6d890fd0 Exception <a 'java/lang/NoSuchMethodError'{0x000000008c10f960}: static Lorg/hibernate/type/descriptor/java/MutableMutabilityPlan;.<clinit>()V> (0x000000008c10f960) 
thrown [t:\workspace\open\src\hotspot\share\prims\jni.cpp, line 1107]
Event: 57.914 Thread 0x0000018c6d890fd0 Exception <a 'java/lang/NoSuchMethodError'{0x000000008c110fb0}: static Lorg/hibernate/type/descriptor/java/MutableMutabilityPlan;.<clinit>()V> (0x000000008c110fb0) 
thrown [t:\workspace\open\src\hotspot\share\prims\jni.cpp, line 1107]
Event: 57.916 Thread 0x0000018c6d890fd0 Exception <a 'java/lang/NoSuchMethodError'{0x000000008c122418}: static Ljava/lang/Object;.<clinit>()V> (0x000000008c122418) 
thrown [t:\workspace\open\src\hotspot\share\prims\jni.cpp, line 1107]
Event: 83.672 Thread 0x0000018c6f91d070 Implicit null exception at 0x0000018c58b06dc7 to 0x0000018c58b07be4

VM Operations (20 events):
Event: 84.484 Executing VM operation: Cleanup
Event: 84.484 Executing VM operation: Cleanup done
Event: 86.484 Executing VM operation: Cleanup
Event: 86.484 Executing VM operation: Cleanup done
Event: 93.485 Executing VM operation: Cleanup
Event: 93.485 Executing VM operation: Cleanup done
Event: 95.485 Executing VM operation: Cleanup
Event: 95.485 Executing VM operation: Cleanup done
Event: 101.488 Executing VM operation: Cleanup
Event: 101.488 Executing VM operation: Cleanup done
Event: 118.515 Executing VM operation: Cleanup
Event: 118.515 Executing VM operation: Cleanup done
Event: 119.011 Executing VM operation: RedefineClasses
Event: 119.070 Executing VM operation: RedefineClasses done
Event: 123.933 Executing VM operation: RedefineClasses
Event: 123.982 Executing VM operation: RedefineClasses done
Event: 131.984 Executing VM operation: Cleanup
Event: 131.984 Executing VM operation: Cleanup done
Event: 194.366 Executing VM operation: ChangeBreakpoints
Event: 194.368 Executing VM operation: ChangeBreakpoints done

Events (20 events):
Event: 49.825 loading class java/lang/Throwable$WrappedPrintWriter done
Event: 49.903 loading class java/time/format/DateTimeFormatterBuilder$ZoneTextPrinterParser
Event: 49.907 loading class java/time/format/DateTimeFormatterBuilder$ZoneTextPrinterParser done
Event: 49.908 loading class java/time/format/DateTimeFormatterBuilder$ReducedPrinterParser
Event: 49.908 loading class java/time/format/DateTimeFormatterBuilder$ReducedPrinterParser done
Event: 50.075 loading class java/io/FilterReader
Event: 50.075 loading class java/io/FilterReader done
Event: 50.144 loading class javax/swing/tree/TreeNode
Event: 50.144 loading class javax/swing/tree/TreeNode done
Event: 50.629 loading class java/lang/ObjectBeanInfo
Event: 50.629 loading class java/lang/ObjectBeanInfo done
Event: 50.630 loading class java/lang/ObjectBeanInfo
Event: 50.630 loading class java/lang/ObjectBeanInfo done
Event: 50.631 loading class java/lang/ObjectCustomizer
Event: 50.631 loading class java/lang/ObjectCustomizer done
Event: 50.633 loading class java/lang/ObjectCustomizer
Event: 50.633 loading class java/lang/ObjectCustomizer done
Event: 50.682 loading class java/nio/StringCharBuffer
Event: 50.683 loading class java/nio/StringCharBuffer done
Event: 51.131 Thread 0x0000018c68835810 Thread exited: 0x0000018c68835810


Dynamic libraries:
0x00007ff757640000 - 0x00007ff757650000 	D:\Program Files\java\jdk-17.0.2\bin\javaw.exe
0x00007ffcd6910000 - 0x00007ffcd6b08000 	C:\WINDOWS\SYSTEM32\ntdll.dll
0x00007ffcd6570000 - 0x00007ffcd662d000 	C:\WINDOWS\System32\KERNEL32.DLL
0x00007ffcd4530000 - 0x00007ffcd4826000 	C:\WINDOWS\System32\KERNELBASE.dll
0x00007ffcd4430000 - 0x00007ffcd4530000 	C:\WINDOWS\System32\ucrtbase.dll
0x00007ffccecd0000 - 0x00007ffccece8000 	D:\Program Files\java\jdk-17.0.2\bin\jli.dll
0x00007ffcd5ff0000 - 0x00007ffcd60a0000 	C:\WINDOWS\System32\ADVAPI32.dll
0x00007ffcd6400000 - 0x00007ffcd649e000 	C:\WINDOWS\System32\msvcrt.dll
0x00007ffcd6830000 - 0x00007ffcd68d0000 	C:\WINDOWS\System32\sechost.dll
0x00007ffcd53e0000 - 0x00007ffcd5505000 	C:\WINDOWS\System32\RPCRT4.dll
0x00007ffcd42e0000 - 0x00007ffcd4307000 	C:\WINDOWS\System32\bcrypt.dll
0x00007ffcd5db0000 - 0x00007ffcd5f4e000 	C:\WINDOWS\System32\USER32.dll
0x00007ffcd4910000 - 0x00007ffcd4932000 	C:\WINDOWS\System32\win32u.dll
0x00007ffcd4940000 - 0x00007ffcd496b000 	C:\WINDOWS\System32\GDI32.dll
0x00007ffcd3fc0000 - 0x00007ffcd40d7000 	C:\WINDOWS\System32\gdi32full.dll
0x00007ffcd4240000 - 0x00007ffcd42dd000 	C:\WINDOWS\System32\msvcp_win.dll
0x00007ffccb460000 - 0x00007ffccb47a000 	D:\Program Files\java\jdk-17.0.2\bin\VCRUNTIME140.dll
0x00007ffcc2060000 - 0x00007ffcc22fa000 	C:\WINDOWS\WinSxS\amd64_microsoft.windows.common-controls_6595b64144ccf1df_6.0.19041.3636_none_60b6a03d71f818d5\COMCTL32.dll
0x00007ffccce20000 - 0x00007ffccce2a000 	C:\WINDOWS\SYSTEM32\VERSION.dll
0x00007ffcd67f0000 - 0x00007ffcd6822000 	C:\WINDOWS\System32\IMM32.DLL
0x00007ffccbdb0000 - 0x00007ffccbdbc000 	D:\Program Files\java\jdk-17.0.2\bin\vcruntime140_1.dll
0x00007ffcb55f0000 - 0x00007ffcb567d000 	D:\Program Files\java\jdk-17.0.2\bin\msvcp140.dll
0x00007ffc79900000 - 0x00007ffc7a4c1000 	D:\Program Files\java\jdk-17.0.2\bin\server\jvm.dll
0x00007ffcd5f50000 - 0x00007ffcd5f58000 	C:\WINDOWS\System32\PSAPI.DLL
0x00007ffcb9350000 - 0x00007ffcb9359000 	C:\WINDOWS\SYSTEM32\WSOCK32.dll
0x00007ffcd5f60000 - 0x00007ffcd5fcb000 	C:\WINDOWS\System32\WS2_32.dll
0x00007ffcc2410000 - 0x00007ffcc2437000 	C:\WINDOWS\SYSTEM32\WINMM.dll
0x00007ffcd2850000 - 0x00007ffcd2862000 	C:\WINDOWS\SYSTEM32\kernel.appcore.dll
0x00007ffccb880000 - 0x00007ffccb88a000 	D:\Program Files\java\jdk-17.0.2\bin\jimage.dll
0x00007ffcd2350000 - 0x00007ffcd2534000 	C:\WINDOWS\SYSTEM32\DBGHELP.DLL
0x00007ffcb9220000 - 0x00007ffcb9254000 	C:\WINDOWS\SYSTEM32\dbgcore.DLL
0x00007ffcd4830000 - 0x00007ffcd48b2000 	C:\WINDOWS\System32\bcryptPrimitives.dll
0x00007ffccb420000 - 0x00007ffccb45b000 	D:\Program Files\java\jdk-17.0.2\bin\jdwp.dll
0x00007ffcca990000 - 0x00007ffcca99e000 	D:\Program Files\java\jdk-17.0.2\bin\instrument.dll
0x00007ffcc1ed0000 - 0x00007ffcc1ef5000 	D:\Program Files\java\jdk-17.0.2\bin\java.dll
0x00007ffcaa680000 - 0x00007ffcaa756000 	D:\Program Files\java\jdk-17.0.2\bin\jsvml.dll
0x00007ffcd5640000 - 0x00007ffcd5dab000 	C:\WINDOWS\System32\SHELL32.dll
0x00007ffcd1bb0000 - 0x00007ffcd234e000 	C:\WINDOWS\SYSTEM32\windows.storage.dll
0x00007ffcd4f90000 - 0x00007ffcd52e3000 	C:\WINDOWS\System32\combase.dll
0x00007ffcd39f0000 - 0x00007ffcd3a1e000 	C:\WINDOWS\SYSTEM32\Wldp.dll
0x00007ffcd64a0000 - 0x00007ffcd656d000 	C:\WINDOWS\System32\OLEAUT32.dll
0x00007ffcd6740000 - 0x00007ffcd67ed000 	C:\WINDOWS\System32\SHCORE.dll
0x00007ffcd60b0000 - 0x00007ffcd6105000 	C:\WINDOWS\System32\shlwapi.dll
0x00007ffcd3ef0000 - 0x00007ffcd3f15000 	C:\WINDOWS\SYSTEM32\profapi.dll
0x00007ffcca980000 - 0x00007ffcca98c000 	D:\Program Files\java\jdk-17.0.2\bin\dt_socket.dll
0x00007ffcd33f0000 - 0x00007ffcd342b000 	C:\WINDOWS\SYSTEM32\IPHLPAPI.DLL
0x00007ffcd3750000 - 0x00007ffcd37ba000 	C:\WINDOWS\system32\mswsock.dll
0x00007ffcd3440000 - 0x00007ffcd350b000 	C:\WINDOWS\SYSTEM32\DNSAPI.dll
0x00007ffcd60a0000 - 0x00007ffcd60a8000 	C:\WINDOWS\System32\NSI.dll
0x00007ffcc2040000 - 0x00007ffcc204a000 	C:\Windows\System32\rasadhlp.dll
0x00007ffcc2fd0000 - 0x00007ffcc3050000 	C:\WINDOWS\System32\fwpuclnt.dll
0x00007ffcc4b20000 - 0x00007ffcc4b38000 	D:\Program Files\java\jdk-17.0.2\bin\zip.dll
0x00007ffcc0300000 - 0x00007ffcc0319000 	D:\Program Files\java\jdk-17.0.2\bin\net.dll
0x00007ffcca2c0000 - 0x00007ffcca3ca000 	C:\WINDOWS\SYSTEM32\WINHTTP.dll
0x00007ffcc0260000 - 0x00007ffcc0276000 	D:\Program Files\java\jdk-17.0.2\bin\nio.dll
0x00007ffcca810000 - 0x00007ffcca820000 	D:\Program Files\java\jdk-17.0.2\bin\verify.dll
0x00007ffcc6410000 - 0x00007ffcc6419000 	D:\Program Files\java\jdk-17.0.2\bin\management.dll
0x00007ffcc1ec0000 - 0x00007ffcc1ecb000 	D:\Program Files\java\jdk-17.0.2\bin\management_ext.dll
0x00007ffcbc820000 - 0x00007ffcbc837000 	C:\WINDOWS\system32\napinsp.dll
0x00007ffcbc800000 - 0x00007ffcbc81b000 	C:\WINDOWS\system32\pnrpnsp.dll
0x00007ffcce130000 - 0x00007ffcce145000 	C:\WINDOWS\system32\wshbth.dll
0x00007ffcceb70000 - 0x00007ffcceb8d000 	C:\WINDOWS\system32\NLAapi.dll
0x00007ffcbc7e0000 - 0x00007ffcbc7f2000 	C:\WINDOWS\System32\winrnr.dll
0x00007ffcd3940000 - 0x00007ffcd3958000 	C:\WINDOWS\SYSTEM32\CRYPTSP.dll
0x00007ffcd3010000 - 0x00007ffcd3044000 	C:\WINDOWS\system32\rsaenh.dll
0x00007ffcd3eb0000 - 0x00007ffcd3ede000 	C:\WINDOWS\SYSTEM32\USERENV.dll
0x00007ffcd3960000 - 0x00007ffcd396c000 	C:\WINDOWS\SYSTEM32\CRYPTBASE.dll
0x00007ffcca9a0000 - 0x00007ffcca9b7000 	C:\WINDOWS\SYSTEM32\dhcpcsvc6.DLL
0x00007ffccbbf0000 - 0x00007ffccbc0d000 	C:\WINDOWS\SYSTEM32\dhcpcsvc.DLL
0x00007ffcc1290000 - 0x00007ffcc129e000 	D:\Program Files\java\jdk-17.0.2\bin\sunmscapi.dll
0x00007ffcd40e0000 - 0x00007ffcd423d000 	C:\WINDOWS\System32\CRYPT32.dll
0x00007ffcd3a60000 - 0x00007ffcd3a88000 	C:\WINDOWS\SYSTEM32\ncrypt.dll
0x00007ffcd3a20000 - 0x00007ffcd3a5b000 	C:\WINDOWS\SYSTEM32\NTASN1.dll
0x00007ffccec90000 - 0x00007ffccec97000 	C:\WINDOWS\system32\wshunix.dll

dbghelp: loaded successfully - version: 4.0.5 - missing functions: none
symbol engine: initialized successfully - sym options: 0x614 - pdb path: .;D:\Program Files\java\jdk-17.0.2\bin;C:\WINDOWS\SYSTEM32;C:\WINDOWS\WinSxS\amd64_microsoft.windows.common-controls_6595b64144ccf1df_6.0.19041.3636_none_60b6a03d71f818d5;D:\Program Files\java\jdk-17.0.2\bin\server

VM Arguments:
jvm_args: -XX:+ShowCodeDetailsInExceptionMessages -agentlib:jdwp=transport=dt_socket,suspend=y,address=localhost:54069 -Dcms.filePath=D:\data\publiccms -Dcms.contextPath= -javaagent:D:\Program Files\eclipse\configuration\org.eclipse.osgi\1744\0\.cp\lib\javaagent-shaded.jar -Dfile.encoding=UTF-8 
java_command: boot.SpringBootApplication
java_class_path (initial): D:\Users\repository\PublicCMS\publiccms-parent\publiccms\target\classes;D:\Users\repository\PublicCMS\publiccms-parent\publiccms-core\target\classes;D:\Users\repository\PublicCMS\publiccms-parent\publiccms-common\target\classes;D:\Users\repository\.m2\repository\org\springframework\spring-context-support\5.3.31\spring-context-support-5.3.31.jar;D:\Users\repository\.m2\repository\org\springframework\spring-orm\5.3.31\spring-orm-5.3.31.jar;D:\Users\repository\.m2\repository\org\springframework\spring-jdbc\5.3.31\spring-jdbc-5.3.31.jar;D:\Users\repository\.m2\repository\org\springframework\spring-tx\5.3.31\spring-tx-5.3.31.jar;D:\Users\repository\.m2\repository\org\springframework\spring-beans\5.3.31\spring-beans-5.3.31.jar;D:\Users\repository\.m2\repository\org\hibernate\search\hibernate-search-mapper-orm\6.2.2.Final\hibernate-search-mapper-orm-6.2.2.Final.jar;D:\Users\repository\.m2\repository\org\hibernate\search\hibernate-search-engine\6.2.2.Final\hibernate-search-engine-6.2.2.Final.jar;D:\Users\repository\.m2\repository\org\hibernate\search\hibernate-search-mapper-pojo-base\6.2.2.Final\hibernate-search-mapper-pojo-base-6.2.2.Final.jar;D:\Users\repository\.m2\repository\org\hibernate\search\hibernate-search-util-common\6.2.2.Final\hibernate-search-util-common-6.2.2.Final.jar;D:\Users\repository\.m2\repository\org\hibernate\search\hibernate-search-backend-lucene\6.2.2.Final\hibernate-search-backend-lucene-6.2.2.Final.jar;D:\Users\repository\.m2\repository\org\apache\lucene\lucene-queryparser\8.11.2\lucene-queryparser-8.11.2.jar;D:\Users\repository\.m2\repository\org\apache\lucene\lucene-join\8.11.2\lucene-join-8.11.2.jar;D:\Users\repository\.m2\repository\org\apache\lucene\lucene-facet\8.11.2\lucene-facet-8.11.2.jar;D:\Users\repository\.m2\repository\com\carrotsearch\hppc\0.8.1\hppc-0.8.1.jar;D:\Users\repository\.m2\repository\org\hibernate\search\hibernate-search-backend-elasticsearch\6.2.2.Final\hibernate-search-backend-elasticsearch-6
Launcher Type: SUN_STANDARD

[Global flags]
     intx CICompilerCount                          = 3                                         {product} {ergonomic}
     uint ConcGCThreads                            = 1                                         {product} {ergonomic}
     uint G1ConcRefinementThreads                  = 4                                         {product} {ergonomic}
   size_t G1HeapRegionSize                         = 1048576                                   {product} {ergonomic}
    uintx GCDrainStackTargetSize                   = 64                                        {product} {ergonomic}
   size_t InitialHeapSize                          = 134217728                                 {product} {ergonomic}
   size_t MarkStackSize                            = 4194304                                   {product} {ergonomic}
   size_t MaxHeapSize                              = 2116026368                                {product} {ergonomic}
   size_t MaxNewSize                               = 1268776960                                {product} {ergonomic}
   size_t MinHeapDeltaBytes                        = 1048576                                   {product} {ergonomic}
   size_t MinHeapSize                              = 8388608                                   {product} {ergonomic}
    uintx NonNMethodCodeHeapSize                   = 5832780                                {pd product} {ergonomic}
    uintx NonProfiledCodeHeapSize                  = 122912730                              {pd product} {ergonomic}
    uintx ProfiledCodeHeapSize                     = 122912730                              {pd product} {ergonomic}
    uintx ReservedCodeCacheSize                    = 251658240                              {pd product} {ergonomic}
     bool SegmentedCodeCache                       = true                                      {product} {ergonomic}
     bool ShowCodeDetailsInExceptionMessages       = true                                   {manageable} {command line}
   size_t SoftMaxHeapSize                          = 2116026368                             {manageable} {ergonomic}
     bool UseCompressedClassPointers               = true                           {product lp64_product} {ergonomic}
     bool UseCompressedOops                        = true                           {product lp64_product} {ergonomic}
     bool UseG1GC                                  = true                                      {product} {ergonomic}
     bool UseLargePagesIndividualAllocation        = false                                  {pd product} {ergonomic}

Logging:
Log output configuration:
 #0: stdout all=warning uptime,level,tags
 #1: stderr all=off uptime,level,tags

Environment Variables:
JAVA_HOME=D:\Program Files\java\jdk-17.0.9
CLASSPATH=.\;D:\Program Files\java\jdk-17.0.9\lib\lib\jrt-fs.jar;
PATH=D:/Program Files/eclipse//plugins/org.eclipse.justj.openjdk.hotspot.jre.full.win32.x86_64_19.0.1.v20221102-1007/jre/bin/server;D:/Program Files/eclipse//plugins/org.eclipse.justj.openjdk.hotspot.jre.full.win32.x86_64_19.0.1.v20221102-1007/jre/bin;D:\Users\database\product\12.1.0\dbhome_1\bin;D:\Program Files\java\jdk-17.0.9\bin;D:\Program Files\java\jdk-17.0.9\jre\bin;C:\WINDOWS\system32;C:\WINDOWS;C:\WINDOWS\System32\Wbem;C:\WINDOWS\System32\WindowsPowerShell\v1.0\;C:\WINDOWS\System32\OpenSSH\;D:\Program Files\service\pgsql\bin;D:\Program Files\node-v14.17.0-win-x64;D:\Program Files\Git\cmd;D:\Program Files\media-downloader\resources\.bin;D:\Program Files\service\mysql-5.6.26-winx64\bin;D:\Program Files\service\apache-ant-1.10.13\bin;C:\Users\kerneler\.app\;C:\Users\kerneler\AppData\Local\Microsoft\WindowsApps;C:\Program Files\Azure Data Studio\bin;D:\Program Files\eclipse;
USERNAME=kerneler
OS=Windows_NT
PROCESSOR_IDENTIFIER=Intel64 Family 6 Model 61 Stepping 4, GenuineIntel



---------------  S Y S T E M  ---------------

OS:
 Windows 10 , 64 bit Build 19041 (10.0.19041.3636)
OS uptime: 0 days 1:06 hours

CPU: total 4 (initial active 4) (2 cores per cpu, 2 threads per core) family 6 model 61 stepping 4 microcode 0x2d, cx8, cmov, fxsr, ht, mmx, 3dnowpref, sse, sse2, sse3, ssse3, sse4.1, sse4.2, popcnt, lzcnt, tsc, tscinvbit, avx, avx2, aes, erms, clmul, bmi1, bmi2, rtm, adx, fma, vzeroupper, clflush

Memory: 4k page, system-wide physical 8071M (1001M free)
TotalPageFile size 14653M (AvailPageFile size 2218M)
current process WorkingSet (physical memory assigned to process): 410M, peak: 456M
current process commit charge ("private bytes"): 459M, peak: 511M

vm_info: Java HotSpot(TM) 64-Bit Server VM (17.0.2+8-LTS-86) for windows-amd64 JRE (17.0.2+8-LTS-86), built on Dec  7 2021 21:51:03 by "mach5one" with MS VC++ 16.8 / 16.9 (VS2019)

END.
